2020-02-28T21:41:14.644Z error : undefined : User is not defined
2020-02-28T21:43:06.106Z error : undefined : createdUser.comparePassword is not a function
2020-02-28T21:43:56.763Z error : undefined : createdUser.comparePassword is not a function
2020-03-04T20:16:52.750Z error : undefined : Cannot read property 'compare' of undefined
2020-03-04T20:28:02.440Z error : undefined : Cannot read property 'compare' of undefined
2020-03-04T20:28:56.718Z error : undefined : Cannot read property 'createToken' of undefined
2020-03-04T20:30:18.316Z error : undefined : callback is not a function
2020-03-04T20:39:47.875Z error : undefined : callback is not a function
2020-03-04T20:40:18.892Z error : undefined : callback is not a function
2020-03-04T20:47:32.818Z error : undefined : callback is not a function
2020-03-04T20:53:46.704Z error : undefined : callback is not a function
2020-03-04T20:54:25.470Z error : undefined : callback is not a function
2020-03-04T20:54:59.606Z error : undefined : callback is not a function
2020-03-04T20:55:11.840Z error : undefined : callback is not a function
2020-03-04T20:56:09.814Z error : undefined : callback is not a function
2020-03-04T20:56:27.131Z error : undefined : callback is not a function
2020-03-04T20:58:36.243Z error : undefined : callback is not a function
2020-03-04T20:59:47.098Z error : undefined : callback is not a function
2020-03-04T21:00:58.317Z error : undefined : callback is not a function
2020-03-04T21:01:52.559Z error : undefined : callback is not a function
2020-03-04T21:02:00.570Z error : undefined : callback is not a function
2020-03-04T21:02:09.606Z error : undefined : callback is not a function
2020-03-04T21:02:19.017Z error : undefined : callback is not a function
2020-03-04T21:05:45.040Z error : undefined : callback is not a function
2020-03-04T21:06:55.504Z error : undefined : callback is not a function
2020-03-04T21:10:55.981Z error : undefined : callback is not a function
2020-03-04T21:12:30.318Z error : undefined : callback is not a function
2020-03-04T21:13:01.089Z error : undefined : callback is not a function
2020-03-04T21:14:58.511Z error : undefined : callback is not a function
2020-03-04T21:15:12.927Z error : undefined : callback is not a function
2020-03-04T21:15:27.225Z error : undefined : callback is not a function
2020-03-04T21:15:43.271Z error : undefined : callback is not a function
2020-03-04T21:16:36.656Z error : undefined : callback is not a function
2020-03-04T21:17:58.071Z error : undefined : callback is not a function
2020-03-04T21:19:25.033Z error : undefined : callback is not a function
2020-03-04T21:19:43.833Z error : undefined : callback is not a function
2020-03-04T21:21:12.033Z error : undefined : callback is not a function
2020-03-04T21:21:15.298Z error : undefined : callback is not a function
2020-03-04T21:21:25.949Z error : undefined : callback is not a function
2020-03-04T21:21:54.572Z error : undefined : callback is not a function
2020-03-04T21:31:21.725Z error : undefined : callback is not a function
2020-03-04T21:44:01.785Z error : undefined : callback is not a function
2020-03-04T21:44:42.441Z error : undefined : callback is not a function
2020-03-04T21:45:09.812Z error : undefined : callback is not a function
2020-03-04T21:45:42.020Z error : undefined : callback is not a function
2020-03-04T21:47:37.652Z error : undefined : callback is not a function
2020-03-04T21:56:08.020Z error : undefined : callback is not a function
2020-03-04T22:10:59.791Z error : undefined : callback is not a function
2020-03-04T22:12:12.208Z error : undefined : callback is not a function
2020-03-04T22:16:40.413Z error : undefined : callback is not a function
2020-03-04T22:18:22.001Z error : undefined : err is not defined
2020-03-04T22:21:51.491Z error : undefined : err is not defined
2020-03-04T22:21:54.428Z error : undefined : err is not defined
2020-03-04T22:23:17.350Z error : undefined : err is not defined
2020-03-04T22:24:01.468Z error : undefined : err is not defined
2020-03-04T22:24:02.649Z error : undefined : err is not defined
2020-03-04T22:24:50.960Z error : undefined : err is not defined
2020-03-04T22:25:18.504Z error : undefined : err is not defined
2020-03-06T20:55:20.659Z error : undefined : err is not defined
2020-03-06T20:57:54.080Z error : undefined : err is not defined
2020-03-06T20:58:20.900Z error : undefined : err is not defined
2020-03-06T20:58:23.461Z error : undefined : err is not defined
2020-03-06T20:58:42.396Z error : undefined : err is not defined
2020-03-06T20:59:05.290Z error : undefined : err is not defined
2020-03-06T20:59:20.614Z error : undefined : err is not defined
2020-03-06T20:59:38.600Z error : undefined : err is not defined
2020-03-06T21:00:28.935Z error : undefined : err is not defined
2020-03-06T21:01:36.263Z error : undefined : err is not defined
2020-03-06T21:02:20.683Z error : undefined : err is not defined
2020-03-06T21:02:45.569Z error : undefined : err is not defined
2020-03-06T21:03:16.689Z error : undefined : err is not defined
2020-03-06T21:06:05.969Z error : undefined : err is not defined
2020-03-06T21:07:24.418Z error : undefined : err is not defined
2020-03-06T21:09:13.346Z error : undefined : err is not defined
2020-03-06T21:10:32.565Z error : undefined : err is not defined
2020-03-06T21:10:44.345Z error : undefined : err is not defined
2020-03-06T21:13:41.440Z error : undefined : token is not defined
2020-03-06T21:40:04.106Z error : undefined : Invalid username/password
2020-03-06T22:52:20.304Z error : undefined : uncaughtException: Cannot find module '../shared/constants/tableStatus'
Require stack:
- C:\Users\Hanson Phung\Desktop\Study\Semester_3\Android\Project\git\Backend\RestaurantManagementAPI\src\entities\TableEntity.js
- C:\Users\Hanson Phung\Desktop\Study\Semester_3\Android\Project\git\Backend\RestaurantManagementAPI\src\repositories\tableRepositories.js
- C:\Users\Hanson Phung\Desktop\Study\Semester_3\Android\Project\git\Backend\RestaurantManagementAPI\src\services\tableServices.js
- C:\Users\Hanson Phung\Desktop\Study\Semester_3\Android\Project\git\Backend\RestaurantManagementAPI\src\controllers\tableController.js
- C:\Users\Hanson Phung\Desktop\Study\Semester_3\Android\Project\git\Backend\RestaurantManagementAPI\src\routes\tableRoutes.js
- C:\Users\Hanson Phung\Desktop\Study\Semester_3\Android\Project\git\Backend\RestaurantManagementAPI\index.js
Error: Cannot find module '../shared/constants/tableStatus'
Require stack:
- C:\Users\Hanson Phung\Desktop\Study\Semester_3\Android\Project\git\Backend\RestaurantManagementAPI\src\entities\TableEntity.js
- C:\Users\Hanson Phung\Desktop\Study\Semester_3\Android\Project\git\Backend\RestaurantManagementAPI\src\repositories\tableRepositories.js
- C:\Users\Hanson Phung\Desktop\Study\Semester_3\Android\Project\git\Backend\RestaurantManagementAPI\src\services\tableServices.js
- C:\Users\Hanson Phung\Desktop\Study\Semester_3\Android\Project\git\Backend\RestaurantManagementAPI\src\controllers\tableController.js
- C:\Users\Hanson Phung\Desktop\Study\Semester_3\Android\Project\git\Backend\RestaurantManagementAPI\src\routes\tableRoutes.js
- C:\Users\Hanson Phung\Desktop\Study\Semester_3\Android\Project\git\Backend\RestaurantManagementAPI\index.js
    at Function.Module._resolveFilename (internal/modules/cjs/loader.js:780:15)
    at Function.Module._load (internal/modules/cjs/loader.js:685:27)
    at Module.require (internal/modules/cjs/loader.js:838:19)
    at require (internal/modules/cjs/helpers.js:74:18)
    at Object.<anonymous> (C:/Users/Hanson Phung/Desktop/Study/Semester_3/Android/Project/git/Backend/RestaurantManagementAPI/src/entities/TableEntity.js:4:1)
    at Module._compile (internal/modules/cjs/loader.js:945:30)
    at loader (C:\Users\Hanson Phung\Desktop\Study\Semester_3\Android\Project\git\Backend\RestaurantManagementAPI\node_modules\babel-register\lib\node.js:144:5)
    at Object.require.extensions.<computed> [as .js] (C:\Users\Hanson Phung\Desktop\Study\Semester_3\Android\Project\git\Backend\RestaurantManagementAPI\node_modules\babel-register\lib\node.js:154:7)
    at Module.load (internal/modules/cjs/loader.js:798:32)
    at Function.Module._load (internal/modules/cjs/loader.js:711:12)
    at Module.require (internal/modules/cjs/loader.js:838:19)
    at require (internal/modules/cjs/helpers.js:74:18)
    at Object.<anonymous> (C:/Users/Hanson Phung/Desktop/Study/Semester_3/Android/Project/git/Backend/RestaurantManagementAPI/src/repositories/tableRepositories.js:1:1)
    at Module._compile (internal/modules/cjs/loader.js:945:30)
    at loader (C:\Users\Hanson Phung\Desktop\Study\Semester_3\Android\Project\git\Backend\RestaurantManagementAPI\node_modules\babel-register\lib\node.js:144:5)
    at Object.require.extensions.<computed> [as .js] (C:\Users\Hanson Phung\Desktop\Study\Semester_3\Android\Project\git\Backend\RestaurantManagementAPI\node_modules\babel-register\lib\node.js:154:7)
2020-03-06T22:53:30.799Z error : undefined : uncaughtException: Cannot find module '../shared/constants/tableStatus'
Require stack:
- C:\Users\Hanson Phung\Desktop\Study\Semester_3\Android\Project\git\Backend\RestaurantManagementAPI\src\entities\TableEntity.js
- C:\Users\Hanson Phung\Desktop\Study\Semester_3\Android\Project\git\Backend\RestaurantManagementAPI\src\repositories\tableRepositories.js
- C:\Users\Hanson Phung\Desktop\Study\Semester_3\Android\Project\git\Backend\RestaurantManagementAPI\src\services\tableServices.js
- C:\Users\Hanson Phung\Desktop\Study\Semester_3\Android\Project\git\Backend\RestaurantManagementAPI\src\controllers\tableController.js
- C:\Users\Hanson Phung\Desktop\Study\Semester_3\Android\Project\git\Backend\RestaurantManagementAPI\src\routes\tableRoutes.js
- C:\Users\Hanson Phung\Desktop\Study\Semester_3\Android\Project\git\Backend\RestaurantManagementAPI\index.js
Error: Cannot find module '../shared/constants/tableStatus'
Require stack:
- C:\Users\Hanson Phung\Desktop\Study\Semester_3\Android\Project\git\Backend\RestaurantManagementAPI\src\entities\TableEntity.js
- C:\Users\Hanson Phung\Desktop\Study\Semester_3\Android\Project\git\Backend\RestaurantManagementAPI\src\repositories\tableRepositories.js
- C:\Users\Hanson Phung\Desktop\Study\Semester_3\Android\Project\git\Backend\RestaurantManagementAPI\src\services\tableServices.js
- C:\Users\Hanson Phung\Desktop\Study\Semester_3\Android\Project\git\Backend\RestaurantManagementAPI\src\controllers\tableController.js
- C:\Users\Hanson Phung\Desktop\Study\Semester_3\Android\Project\git\Backend\RestaurantManagementAPI\src\routes\tableRoutes.js
- C:\Users\Hanson Phung\Desktop\Study\Semester_3\Android\Project\git\Backend\RestaurantManagementAPI\index.js
    at Function.Module._resolveFilename (internal/modules/cjs/loader.js:780:15)
    at Function.Module._load (internal/modules/cjs/loader.js:685:27)
    at Module.require (internal/modules/cjs/loader.js:838:19)
    at require (internal/modules/cjs/helpers.js:74:18)
    at Object.<anonymous> (C:/Users/Hanson Phung/Desktop/Study/Semester_3/Android/Project/git/Backend/RestaurantManagementAPI/src/entities/TableEntity.js:4:1)
    at Module._compile (internal/modules/cjs/loader.js:945:30)
    at loader (C:\Users\Hanson Phung\Desktop\Study\Semester_3\Android\Project\git\Backend\RestaurantManagementAPI\node_modules\babel-register\lib\node.js:144:5)
    at Object.require.extensions.<computed> [as .js] (C:\Users\Hanson Phung\Desktop\Study\Semester_3\Android\Project\git\Backend\RestaurantManagementAPI\node_modules\babel-register\lib\node.js:154:7)
    at Module.load (internal/modules/cjs/loader.js:798:32)
    at Function.Module._load (internal/modules/cjs/loader.js:711:12)
    at Module.require (internal/modules/cjs/loader.js:838:19)
    at require (internal/modules/cjs/helpers.js:74:18)
    at Object.<anonymous> (C:/Users/Hanson Phung/Desktop/Study/Semester_3/Android/Project/git/Backend/RestaurantManagementAPI/src/repositories/tableRepositories.js:1:1)
    at Module._compile (internal/modules/cjs/loader.js:945:30)
    at loader (C:\Users\Hanson Phung\Desktop\Study\Semester_3\Android\Project\git\Backend\RestaurantManagementAPI\node_modules\babel-register\lib\node.js:144:5)
    at Object.require.extensions.<computed> [as .js] (C:\Users\Hanson Phung\Desktop\Study\Semester_3\Android\Project\git\Backend\RestaurantManagementAPI\node_modules\babel-register\lib\node.js:154:7)
2020-03-06T22:53:41.882Z error : undefined : uncaughtException: Cannot find module '../shared/constants/tableStatus'
Require stack:
- C:\Users\Hanson Phung\Desktop\Study\Semester_3\Android\Project\git\Backend\RestaurantManagementAPI\src\entities\TableEntity.js
- C:\Users\Hanson Phung\Desktop\Study\Semester_3\Android\Project\git\Backend\RestaurantManagementAPI\src\repositories\tableRepositories.js
- C:\Users\Hanson Phung\Desktop\Study\Semester_3\Android\Project\git\Backend\RestaurantManagementAPI\src\services\tableServices.js
- C:\Users\Hanson Phung\Desktop\Study\Semester_3\Android\Project\git\Backend\RestaurantManagementAPI\src\controllers\tableController.js
- C:\Users\Hanson Phung\Desktop\Study\Semester_3\Android\Project\git\Backend\RestaurantManagementAPI\src\routes\tableRoutes.js
- C:\Users\Hanson Phung\Desktop\Study\Semester_3\Android\Project\git\Backend\RestaurantManagementAPI\index.js
Error: Cannot find module '../shared/constants/tableStatus'
Require stack:
- C:\Users\Hanson Phung\Desktop\Study\Semester_3\Android\Project\git\Backend\RestaurantManagementAPI\src\entities\TableEntity.js
- C:\Users\Hanson Phung\Desktop\Study\Semester_3\Android\Project\git\Backend\RestaurantManagementAPI\src\repositories\tableRepositories.js
- C:\Users\Hanson Phung\Desktop\Study\Semester_3\Android\Project\git\Backend\RestaurantManagementAPI\src\services\tableServices.js
- C:\Users\Hanson Phung\Desktop\Study\Semester_3\Android\Project\git\Backend\RestaurantManagementAPI\src\controllers\tableController.js
- C:\Users\Hanson Phung\Desktop\Study\Semester_3\Android\Project\git\Backend\RestaurantManagementAPI\src\routes\tableRoutes.js
- C:\Users\Hanson Phung\Desktop\Study\Semester_3\Android\Project\git\Backend\RestaurantManagementAPI\index.js
    at Function.Module._resolveFilename (internal/modules/cjs/loader.js:780:15)
    at Function.Module._load (internal/modules/cjs/loader.js:685:27)
    at Module.require (internal/modules/cjs/loader.js:838:19)
    at require (internal/modules/cjs/helpers.js:74:18)
    at Object.<anonymous> (C:/Users/Hanson Phung/Desktop/Study/Semester_3/Android/Project/git/Backend/RestaurantManagementAPI/src/entities/TableEntity.js:4:1)
    at Module._compile (internal/modules/cjs/loader.js:945:30)
    at loader (C:\Users\Hanson Phung\Desktop\Study\Semester_3\Android\Project\git\Backend\RestaurantManagementAPI\node_modules\babel-register\lib\node.js:144:5)
    at Object.require.extensions.<computed> [as .js] (C:\Users\Hanson Phung\Desktop\Study\Semester_3\Android\Project\git\Backend\RestaurantManagementAPI\node_modules\babel-register\lib\node.js:154:7)
    at Module.load (internal/modules/cjs/loader.js:798:32)
    at Function.Module._load (internal/modules/cjs/loader.js:711:12)
    at Module.require (internal/modules/cjs/loader.js:838:19)
    at require (internal/modules/cjs/helpers.js:74:18)
    at Object.<anonymous> (C:/Users/Hanson Phung/Desktop/Study/Semester_3/Android/Project/git/Backend/RestaurantManagementAPI/src/repositories/tableRepositories.js:1:1)
    at Module._compile (internal/modules/cjs/loader.js:945:30)
    at loader (C:\Users\Hanson Phung\Desktop\Study\Semester_3\Android\Project\git\Backend\RestaurantManagementAPI\node_modules\babel-register\lib\node.js:144:5)
    at Object.require.extensions.<computed> [as .js] (C:\Users\Hanson Phung\Desktop\Study\Semester_3\Android\Project\git\Backend\RestaurantManagementAPI\node_modules\babel-register\lib\node.js:154:7)
2020-03-06T23:01:41.816Z error : undefined : uncaughtException: C:/Users/Hanson Phung/Desktop/Study/Semester_3/Android/Project/git/Backend/RestaurantManagementAPI/src/shared/constants/tableStatus.js: Unexpected token (2:10)
SyntaxError: C:/Users/Hanson Phung/Desktop/Study/Semester_3/Android/Project/git/Backend/RestaurantManagementAPI/src/shared/constants/tableStatus.js: Unexpected token (2:10)
[0m [90m 1 | [39m[36mexport[39m [36mconst[39m [33mTableStatus[39m [33m=[39m {
[31m[1m>[22m[39m[90m 2 | [39m    [33mEMPTY[39m [33m=[39m [32m"EMPTY"[39m[33m,[39m
 [90m   | [39m          [31m[1m^[22m[39m
 [90m 3 | [39m    [33mSERVING[39m [33m=[39m [32m"SERVING"[39m
 [90m 4 | [39m}[33m;[39m[0m
    at Parser.pp$5.raise (C:\Users\Hanson Phung\Desktop\Study\Semester_3\Android\Project\git\Backend\RestaurantManagementAPI\node_modules\babylon\lib\index.js:4454:13)
    at Parser.pp.unexpected (C:\Users\Hanson Phung\Desktop\Study\Semester_3\Android\Project\git\Backend\RestaurantManagementAPI\node_modules\babylon\lib\index.js:1761:8)
    at Parser.pp$3.parseMaybeAssign (C:\Users\Hanson Phung\Desktop\Study\Semester_3\Android\Project\git\Backend\RestaurantManagementAPI\node_modules\babylon\lib\index.js:3370:10)
    at Parser.pp$1.parseVar (C:\Users\Hanson Phung\Desktop\Study\Semester_3\Android\Project\git\Backend\RestaurantManagementAPI\node_modules\babylon\lib\index.js:2340:24)
    at Parser.pp$1.parseVarStatement (C:\Users\Hanson Phung\Desktop\Study\Semester_3\Android\Project\git\Backend\RestaurantManagementAPI\node_modules\babylon\lib\index.js:2169:8)
    at Parser.pp$1.parseStatement (C:\Users\Hanson Phung\Desktop\Study\Semester_3\Android\Project\git\Backend\RestaurantManagementAPI\node_modules\babylon\lib\index.js:1861:19)
    at Parser.pp$1.parseExportDeclaration (C:\Users\Hanson Phung\Desktop\Study\Semester_3\Android\Project\git\Backend\RestaurantManagementAPI\node_modules\babylon\lib\index.js:2666:15)
    at Parser.pp$1.parseExport (C:\Users\Hanson Phung\Desktop\Study\Semester_3\Android\Project\git\Backend\RestaurantManagementAPI\node_modules\babylon\lib\index.js:2654:29)
    at Parser.pp$1.parseStatement (C:\Users\Hanson Phung\Desktop\Study\Semester_3\Android\Project\git\Backend\RestaurantManagementAPI\node_modules\babylon\lib\index.js:1884:74)
    at Parser.pp$1.parseBlockBody (C:\Users\Hanson Phung\Desktop\Study\Semester_3\Android\Project\git\Backend\RestaurantManagementAPI\node_modules\babylon\lib\index.js:2268:21)
    at Parser.pp$1.parseTopLevel (C:\Users\Hanson Phung\Desktop\Study\Semester_3\Android\Project\git\Backend\RestaurantManagementAPI\node_modules\babylon\lib\index.js:1778:8)
    at Parser.parse (C:\Users\Hanson Phung\Desktop\Study\Semester_3\Android\Project\git\Backend\RestaurantManagementAPI\node_modules\babylon\lib\index.js:1673:17)
    at parse (C:\Users\Hanson Phung\Desktop\Study\Semester_3\Android\Project\git\Backend\RestaurantManagementAPI\node_modules\babylon\lib\index.js:7305:37)
    at File.parse (C:\Users\Hanson Phung\Desktop\Study\Semester_3\Android\Project\git\Backend\RestaurantManagementAPI\node_modules\babel-core\lib\transformation\file\index.js:485:15)
    at File.parseCode (C:\Users\Hanson Phung\Desktop\Study\Semester_3\Android\Project\git\Backend\RestaurantManagementAPI\node_modules\babel-core\lib\transformation\file\index.js:570:20)
    at C:\Users\Hanson Phung\Desktop\Study\Semester_3\Android\Project\git\Backend\RestaurantManagementAPI\node_modules\babel-core\lib\transformation\pipeline.js:49:12
2020-03-06T23:02:49.547Z error : undefined : uncaughtException: Cannot find module '../shared/constants/tableStatus'
Require stack:
- C:\Users\Hanson Phung\Desktop\Study\Semester_3\Android\Project\git\Backend\RestaurantManagementAPI\src\entities\TableEntity.js
- C:\Users\Hanson Phung\Desktop\Study\Semester_3\Android\Project\git\Backend\RestaurantManagementAPI\src\repositories\tableRepositories.js
- C:\Users\Hanson Phung\Desktop\Study\Semester_3\Android\Project\git\Backend\RestaurantManagementAPI\src\services\tableServices.js
- C:\Users\Hanson Phung\Desktop\Study\Semester_3\Android\Project\git\Backend\RestaurantManagementAPI\src\controllers\tableController.js
- C:\Users\Hanson Phung\Desktop\Study\Semester_3\Android\Project\git\Backend\RestaurantManagementAPI\src\routes\tableRoutes.js
- C:\Users\Hanson Phung\Desktop\Study\Semester_3\Android\Project\git\Backend\RestaurantManagementAPI\index.js
Error: Cannot find module '../shared/constants/tableStatus'
Require stack:
- C:\Users\Hanson Phung\Desktop\Study\Semester_3\Android\Project\git\Backend\RestaurantManagementAPI\src\entities\TableEntity.js
- C:\Users\Hanson Phung\Desktop\Study\Semester_3\Android\Project\git\Backend\RestaurantManagementAPI\src\repositories\tableRepositories.js
- C:\Users\Hanson Phung\Desktop\Study\Semester_3\Android\Project\git\Backend\RestaurantManagementAPI\src\services\tableServices.js
- C:\Users\Hanson Phung\Desktop\Study\Semester_3\Android\Project\git\Backend\RestaurantManagementAPI\src\controllers\tableController.js
- C:\Users\Hanson Phung\Desktop\Study\Semester_3\Android\Project\git\Backend\RestaurantManagementAPI\src\routes\tableRoutes.js
- C:\Users\Hanson Phung\Desktop\Study\Semester_3\Android\Project\git\Backend\RestaurantManagementAPI\index.js
    at Function.Module._resolveFilename (internal/modules/cjs/loader.js:780:15)
    at Function.Module._load (internal/modules/cjs/loader.js:685:27)
    at Module.require (internal/modules/cjs/loader.js:838:19)
    at require (internal/modules/cjs/helpers.js:74:18)
    at Object.<anonymous> (C:/Users/Hanson Phung/Desktop/Study/Semester_3/Android/Project/git/Backend/RestaurantManagementAPI/src/entities/TableEntity.js:4:1)
    at Module._compile (internal/modules/cjs/loader.js:945:30)
    at loader (C:\Users\Hanson Phung\Desktop\Study\Semester_3\Android\Project\git\Backend\RestaurantManagementAPI\node_modules\babel-register\lib\node.js:144:5)
    at Object.require.extensions.<computed> [as .js] (C:\Users\Hanson Phung\Desktop\Study\Semester_3\Android\Project\git\Backend\RestaurantManagementAPI\node_modules\babel-register\lib\node.js:154:7)
    at Module.load (internal/modules/cjs/loader.js:798:32)
    at Function.Module._load (internal/modules/cjs/loader.js:711:12)
    at Module.require (internal/modules/cjs/loader.js:838:19)
    at require (internal/modules/cjs/helpers.js:74:18)
    at Object.<anonymous> (C:/Users/Hanson Phung/Desktop/Study/Semester_3/Android/Project/git/Backend/RestaurantManagementAPI/src/repositories/tableRepositories.js:1:1)
    at Module._compile (internal/modules/cjs/loader.js:945:30)
    at loader (C:\Users\Hanson Phung\Desktop\Study\Semester_3\Android\Project\git\Backend\RestaurantManagementAPI\node_modules\babel-register\lib\node.js:144:5)
    at Object.require.extensions.<computed> [as .js] (C:\Users\Hanson Phung\Desktop\Study\Semester_3\Android\Project\git\Backend\RestaurantManagementAPI\node_modules\babel-register\lib\node.js:154:7)
2020-03-06T23:02:51.967Z error : undefined : uncaughtException: Cannot find module '../shared/constants/tableStatus'
Require stack:
- C:\Users\Hanson Phung\Desktop\Study\Semester_3\Android\Project\git\Backend\RestaurantManagementAPI\src\entities\TableEntity.js
- C:\Users\Hanson Phung\Desktop\Study\Semester_3\Android\Project\git\Backend\RestaurantManagementAPI\src\repositories\tableRepositories.js
- C:\Users\Hanson Phung\Desktop\Study\Semester_3\Android\Project\git\Backend\RestaurantManagementAPI\src\services\tableServices.js
- C:\Users\Hanson Phung\Desktop\Study\Semester_3\Android\Project\git\Backend\RestaurantManagementAPI\src\controllers\tableController.js
- C:\Users\Hanson Phung\Desktop\Study\Semester_3\Android\Project\git\Backend\RestaurantManagementAPI\src\routes\tableRoutes.js
- C:\Users\Hanson Phung\Desktop\Study\Semester_3\Android\Project\git\Backend\RestaurantManagementAPI\index.js
Error: Cannot find module '../shared/constants/tableStatus'
Require stack:
- C:\Users\Hanson Phung\Desktop\Study\Semester_3\Android\Project\git\Backend\RestaurantManagementAPI\src\entities\TableEntity.js
- C:\Users\Hanson Phung\Desktop\Study\Semester_3\Android\Project\git\Backend\RestaurantManagementAPI\src\repositories\tableRepositories.js
- C:\Users\Hanson Phung\Desktop\Study\Semester_3\Android\Project\git\Backend\RestaurantManagementAPI\src\services\tableServices.js
- C:\Users\Hanson Phung\Desktop\Study\Semester_3\Android\Project\git\Backend\RestaurantManagementAPI\src\controllers\tableController.js
- C:\Users\Hanson Phung\Desktop\Study\Semester_3\Android\Project\git\Backend\RestaurantManagementAPI\src\routes\tableRoutes.js
- C:\Users\Hanson Phung\Desktop\Study\Semester_3\Android\Project\git\Backend\RestaurantManagementAPI\index.js
    at Function.Module._resolveFilename (internal/modules/cjs/loader.js:780:15)
    at Function.Module._load (internal/modules/cjs/loader.js:685:27)
    at Module.require (internal/modules/cjs/loader.js:838:19)
    at require (internal/modules/cjs/helpers.js:74:18)
    at Object.<anonymous> (C:/Users/Hanson Phung/Desktop/Study/Semester_3/Android/Project/git/Backend/RestaurantManagementAPI/src/entities/TableEntity.js:4:1)
    at Module._compile (internal/modules/cjs/loader.js:945:30)
    at loader (C:\Users\Hanson Phung\Desktop\Study\Semester_3\Android\Project\git\Backend\RestaurantManagementAPI\node_modules\babel-register\lib\node.js:144:5)
    at Object.require.extensions.<computed> [as .js] (C:\Users\Hanson Phung\Desktop\Study\Semester_3\Android\Project\git\Backend\RestaurantManagementAPI\node_modules\babel-register\lib\node.js:154:7)
    at Module.load (internal/modules/cjs/loader.js:798:32)
    at Function.Module._load (internal/modules/cjs/loader.js:711:12)
    at Module.require (internal/modules/cjs/loader.js:838:19)
    at require (internal/modules/cjs/helpers.js:74:18)
    at Object.<anonymous> (C:/Users/Hanson Phung/Desktop/Study/Semester_3/Android/Project/git/Backend/RestaurantManagementAPI/src/repositories/tableRepositories.js:1:1)
    at Module._compile (internal/modules/cjs/loader.js:945:30)
    at loader (C:\Users\Hanson Phung\Desktop\Study\Semester_3\Android\Project\git\Backend\RestaurantManagementAPI\node_modules\babel-register\lib\node.js:144:5)
    at Object.require.extensions.<computed> [as .js] (C:\Users\Hanson Phung\Desktop\Study\Semester_3\Android\Project\git\Backend\RestaurantManagementAPI\node_modules\babel-register\lib\node.js:154:7)
2020-03-06T23:03:27.259Z error : undefined : uncaughtException: C:/Users/Hanson Phung/Desktop/Study/Semester_3/Android/Project/git/Backend/RestaurantManagementAPI/src/entities/TableEntity.js: Unexpected token, expected , (14:8)
SyntaxError: C:/Users/Hanson Phung/Desktop/Study/Semester_3/Android/Project/git/Backend/RestaurantManagementAPI/src/entities/TableEntity.js: Unexpected token, expected , (14:8)
[0m [90m 12 | [39m        type[33m:[39m [33mString[39m[33m,[39m
 [90m 13 | [39m        [36menum[39m[33m:[39m [[33mTableStatus[39m[33m.[39m[33mEMPTY[39m[33m,[39m [33mTableStatus[39m[33m.[39m[33mSERVING[39m]
[31m[1m>[22m[39m[90m 14 | [39m        [36mdefault[39m[33m:[39m [33mTABLE_STATUS_EMPTY[39m
 [90m    | [39m        [31m[1m^[22m[39m
 [90m 15 | [39m    }[33m,[39m
 [90m 16 | [39m    open_at[33m:[39m {
 [90m 17 | [39m        type[33m:[39m [33mDate[39m[33m,[39m[0m
    at Parser.pp$5.raise (C:\Users\Hanson Phung\Desktop\Study\Semester_3\Android\Project\git\Backend\RestaurantManagementAPI\node_modules\babylon\lib\index.js:4454:13)
    at Parser.pp.unexpected (C:\Users\Hanson Phung\Desktop\Study\Semester_3\Android\Project\git\Backend\RestaurantManagementAPI\node_modules\babylon\lib\index.js:1761:8)
    at Parser.pp.expect (C:\Users\Hanson Phung\Desktop\Study\Semester_3\Android\Project\git\Backend\RestaurantManagementAPI\node_modules\babylon\lib\index.js:1749:33)
    at Parser.pp$3.parseObj (C:\Users\Hanson Phung\Desktop\Study\Semester_3\Android\Project\git\Backend\RestaurantManagementAPI\node_modules\babylon\lib\index.js:3978:12)
    at Parser.pp$3.parseExprAtom (C:\Users\Hanson Phung\Desktop\Study\Semester_3\Android\Project\git\Backend\RestaurantManagementAPI\node_modules\babylon\lib\index.js:3719:19)
    at Parser.pp$3.parseExprSubscripts (C:\Users\Hanson Phung\Desktop\Study\Semester_3\Android\Project\git\Backend\RestaurantManagementAPI\node_modules\babylon\lib\index.js:3494:19)
    at Parser.pp$3.parseMaybeUnary (C:\Users\Hanson Phung\Desktop\Study\Semester_3\Android\Project\git\Backend\RestaurantManagementAPI\node_modules\babylon\lib\index.js:3474:19)
    at Parser.pp$3.parseExprOps (C:\Users\Hanson Phung\Desktop\Study\Semester_3\Android\Project\git\Backend\RestaurantManagementAPI\node_modules\babylon\lib\index.js:3404:19)
    at Parser.pp$3.parseMaybeConditional (C:\Users\Hanson Phung\Desktop\Study\Semester_3\Android\Project\git\Backend\RestaurantManagementAPI\node_modules\babylon\lib\index.js:3381:19)
    at Parser.pp$3.parseMaybeAssign (C:\Users\Hanson Phung\Desktop\Study\Semester_3\Android\Project\git\Backend\RestaurantManagementAPI\node_modules\babylon\lib\index.js:3344:19)
    at Parser.pp$3.parseObjectProperty (C:\Users\Hanson Phung\Desktop\Study\Semester_3\Android\Project\git\Backend\RestaurantManagementAPI\node_modules\babylon\lib\index.js:4115:99)
    at Parser.pp$3.parseObjPropValue (C:\Users\Hanson Phung\Desktop\Study\Semester_3\Android\Project\git\Backend\RestaurantManagementAPI\node_modules\babylon\lib\index.js:4140:84)
    at Parser.pp$3.parseObj (C:\Users\Hanson Phung\Desktop\Study\Semester_3\Android\Project\git\Backend\RestaurantManagementAPI\node_modules\babylon\lib\index.js:4048:10)
    at Parser.pp$3.parseExprAtom (C:\Users\Hanson Phung\Desktop\Study\Semester_3\Android\Project\git\Backend\RestaurantManagementAPI\node_modules\babylon\lib\index.js:3719:19)
    at Parser.pp$3.parseExprSubscripts (C:\Users\Hanson Phung\Desktop\Study\Semester_3\Android\Project\git\Backend\RestaurantManagementAPI\node_modules\babylon\lib\index.js:3494:19)
    at Parser.pp$3.parseMaybeUnary (C:\Users\Hanson Phung\Desktop\Study\Semester_3\Android\Project\git\Backend\RestaurantManagementAPI\node_modules\babylon\lib\index.js:3474:19)
2020-03-06T23:03:30.578Z error : undefined : uncaughtException: C:/Users/Hanson Phung/Desktop/Study/Semester_3/Android/Project/git/Backend/RestaurantManagementAPI/src/shared/enum/tableStatus.js: Unexpected token (2:10)
SyntaxError: C:/Users/Hanson Phung/Desktop/Study/Semester_3/Android/Project/git/Backend/RestaurantManagementAPI/src/shared/enum/tableStatus.js: Unexpected token (2:10)
[0m [90m 1 | [39m[36mexport[39m [36mconst[39m [33mTableStatus[39m [33m=[39m {
[31m[1m>[22m[39m[90m 2 | [39m    [33mEMPTY[39m [33m=[39m [32m"EMPTY"[39m[33m,[39m
 [90m   | [39m          [31m[1m^[22m[39m
 [90m 3 | [39m    [33mSERVING[39m [33m=[39m [32m"SERVING"[39m
 [90m 4 | [39m}[33m;[39m[0m
    at Parser.pp$5.raise (C:\Users\Hanson Phung\Desktop\Study\Semester_3\Android\Project\git\Backend\RestaurantManagementAPI\node_modules\babylon\lib\index.js:4454:13)
    at Parser.pp.unexpected (C:\Users\Hanson Phung\Desktop\Study\Semester_3\Android\Project\git\Backend\RestaurantManagementAPI\node_modules\babylon\lib\index.js:1761:8)
    at Parser.pp$3.parseMaybeAssign (C:\Users\Hanson Phung\Desktop\Study\Semester_3\Android\Project\git\Backend\RestaurantManagementAPI\node_modules\babylon\lib\index.js:3370:10)
    at Parser.pp$1.parseVar (C:\Users\Hanson Phung\Desktop\Study\Semester_3\Android\Project\git\Backend\RestaurantManagementAPI\node_modules\babylon\lib\index.js:2340:24)
    at Parser.pp$1.parseVarStatement (C:\Users\Hanson Phung\Desktop\Study\Semester_3\Android\Project\git\Backend\RestaurantManagementAPI\node_modules\babylon\lib\index.js:2169:8)
    at Parser.pp$1.parseStatement (C:\Users\Hanson Phung\Desktop\Study\Semester_3\Android\Project\git\Backend\RestaurantManagementAPI\node_modules\babylon\lib\index.js:1861:19)
    at Parser.pp$1.parseExportDeclaration (C:\Users\Hanson Phung\Desktop\Study\Semester_3\Android\Project\git\Backend\RestaurantManagementAPI\node_modules\babylon\lib\index.js:2666:15)
    at Parser.pp$1.parseExport (C:\Users\Hanson Phung\Desktop\Study\Semester_3\Android\Project\git\Backend\RestaurantManagementAPI\node_modules\babylon\lib\index.js:2654:29)
    at Parser.pp$1.parseStatement (C:\Users\Hanson Phung\Desktop\Study\Semester_3\Android\Project\git\Backend\RestaurantManagementAPI\node_modules\babylon\lib\index.js:1884:74)
    at Parser.pp$1.parseBlockBody (C:\Users\Hanson Phung\Desktop\Study\Semester_3\Android\Project\git\Backend\RestaurantManagementAPI\node_modules\babylon\lib\index.js:2268:21)
    at Parser.pp$1.parseTopLevel (C:\Users\Hanson Phung\Desktop\Study\Semester_3\Android\Project\git\Backend\RestaurantManagementAPI\node_modules\babylon\lib\index.js:1778:8)
    at Parser.parse (C:\Users\Hanson Phung\Desktop\Study\Semester_3\Android\Project\git\Backend\RestaurantManagementAPI\node_modules\babylon\lib\index.js:1673:17)
    at parse (C:\Users\Hanson Phung\Desktop\Study\Semester_3\Android\Project\git\Backend\RestaurantManagementAPI\node_modules\babylon\lib\index.js:7305:37)
    at File.parse (C:\Users\Hanson Phung\Desktop\Study\Semester_3\Android\Project\git\Backend\RestaurantManagementAPI\node_modules\babel-core\lib\transformation\file\index.js:485:15)
    at File.parseCode (C:\Users\Hanson Phung\Desktop\Study\Semester_3\Android\Project\git\Backend\RestaurantManagementAPI\node_modules\babel-core\lib\transformation\file\index.js:570:20)
    at C:\Users\Hanson Phung\Desktop\Study\Semester_3\Android\Project\git\Backend\RestaurantManagementAPI\node_modules\babel-core\lib\transformation\pipeline.js:49:12
2020-03-06T23:03:38.380Z error : undefined : uncaughtException: C:/Users/Hanson Phung/Desktop/Study/Semester_3/Android/Project/git/Backend/RestaurantManagementAPI/src/shared/enum/tableStatus.js: Unexpected token (2:10)
SyntaxError: C:/Users/Hanson Phung/Desktop/Study/Semester_3/Android/Project/git/Backend/RestaurantManagementAPI/src/shared/enum/tableStatus.js: Unexpected token (2:10)
[0m [90m 1 | [39m[36mexport[39m [36mconst[39m [33mTableStatus[39m [33m=[39m {
[31m[1m>[22m[39m[90m 2 | [39m    [33mEMPTY[39m [33m=[39m [32m"EMPTY"[39m[33m,[39m
 [90m   | [39m          [31m[1m^[22m[39m
 [90m 3 | [39m    [33mSERVING[39m [33m=[39m [32m"SERVING"[39m
 [90m 4 | [39m}[33m;[39m[0m
    at Parser.pp$5.raise (C:\Users\Hanson Phung\Desktop\Study\Semester_3\Android\Project\git\Backend\RestaurantManagementAPI\node_modules\babylon\lib\index.js:4454:13)
    at Parser.pp.unexpected (C:\Users\Hanson Phung\Desktop\Study\Semester_3\Android\Project\git\Backend\RestaurantManagementAPI\node_modules\babylon\lib\index.js:1761:8)
    at Parser.pp$3.parseMaybeAssign (C:\Users\Hanson Phung\Desktop\Study\Semester_3\Android\Project\git\Backend\RestaurantManagementAPI\node_modules\babylon\lib\index.js:3370:10)
    at Parser.pp$1.parseVar (C:\Users\Hanson Phung\Desktop\Study\Semester_3\Android\Project\git\Backend\RestaurantManagementAPI\node_modules\babylon\lib\index.js:2340:24)
    at Parser.pp$1.parseVarStatement (C:\Users\Hanson Phung\Desktop\Study\Semester_3\Android\Project\git\Backend\RestaurantManagementAPI\node_modules\babylon\lib\index.js:2169:8)
    at Parser.pp$1.parseStatement (C:\Users\Hanson Phung\Desktop\Study\Semester_3\Android\Project\git\Backend\RestaurantManagementAPI\node_modules\babylon\lib\index.js:1861:19)
    at Parser.pp$1.parseExportDeclaration (C:\Users\Hanson Phung\Desktop\Study\Semester_3\Android\Project\git\Backend\RestaurantManagementAPI\node_modules\babylon\lib\index.js:2666:15)
    at Parser.pp$1.parseExport (C:\Users\Hanson Phung\Desktop\Study\Semester_3\Android\Project\git\Backend\RestaurantManagementAPI\node_modules\babylon\lib\index.js:2654:29)
    at Parser.pp$1.parseStatement (C:\Users\Hanson Phung\Desktop\Study\Semester_3\Android\Project\git\Backend\RestaurantManagementAPI\node_modules\babylon\lib\index.js:1884:74)
    at Parser.pp$1.parseBlockBody (C:\Users\Hanson Phung\Desktop\Study\Semester_3\Android\Project\git\Backend\RestaurantManagementAPI\node_modules\babylon\lib\index.js:2268:21)
    at Parser.pp$1.parseTopLevel (C:\Users\Hanson Phung\Desktop\Study\Semester_3\Android\Project\git\Backend\RestaurantManagementAPI\node_modules\babylon\lib\index.js:1778:8)
    at Parser.parse (C:\Users\Hanson Phung\Desktop\Study\Semester_3\Android\Project\git\Backend\RestaurantManagementAPI\node_modules\babylon\lib\index.js:1673:17)
    at parse (C:\Users\Hanson Phung\Desktop\Study\Semester_3\Android\Project\git\Backend\RestaurantManagementAPI\node_modules\babylon\lib\index.js:7305:37)
    at File.parse (C:\Users\Hanson Phung\Desktop\Study\Semester_3\Android\Project\git\Backend\RestaurantManagementAPI\node_modules\babel-core\lib\transformation\file\index.js:485:15)
    at File.parseCode (C:\Users\Hanson Phung\Desktop\Study\Semester_3\Android\Project\git\Backend\RestaurantManagementAPI\node_modules\babel-core\lib\transformation\file\index.js:570:20)
    at C:\Users\Hanson Phung\Desktop\Study\Semester_3\Android\Project\git\Backend\RestaurantManagementAPI\node_modules\babel-core\lib\transformation\pipeline.js:49:12
2020-03-06T23:03:56.475Z error : undefined : uncaughtException: C:/Users/Hanson Phung/Desktop/Study/Semester_3/Android/Project/git/Backend/RestaurantManagementAPI/src/shared/enum/tableStatus.js: Unexpected token (2:10)
SyntaxError: C:/Users/Hanson Phung/Desktop/Study/Semester_3/Android/Project/git/Backend/RestaurantManagementAPI/src/shared/enum/tableStatus.js: Unexpected token (2:10)
[0m [90m 1 | [39m[36mexport[39m [36mconst[39m [33mTableStatus[39m [33m=[39m {
[31m[1m>[22m[39m[90m 2 | [39m    [33mEMPTY[39m [33m=[39m [32m"EMPTY"[39m[33m,[39m
 [90m   | [39m          [31m[1m^[22m[39m
 [90m 3 | [39m    [33mSERVING[39m [33m=[39m [32m"SERVING"[39m
 [90m 4 | [39m}[33m;[39m[0m
    at Parser.pp$5.raise (C:\Users\Hanson Phung\Desktop\Study\Semester_3\Android\Project\git\Backend\RestaurantManagementAPI\node_modules\babylon\lib\index.js:4454:13)
    at Parser.pp.unexpected (C:\Users\Hanson Phung\Desktop\Study\Semester_3\Android\Project\git\Backend\RestaurantManagementAPI\node_modules\babylon\lib\index.js:1761:8)
    at Parser.pp$3.parseMaybeAssign (C:\Users\Hanson Phung\Desktop\Study\Semester_3\Android\Project\git\Backend\RestaurantManagementAPI\node_modules\babylon\lib\index.js:3370:10)
    at Parser.pp$1.parseVar (C:\Users\Hanson Phung\Desktop\Study\Semester_3\Android\Project\git\Backend\RestaurantManagementAPI\node_modules\babylon\lib\index.js:2340:24)
    at Parser.pp$1.parseVarStatement (C:\Users\Hanson Phung\Desktop\Study\Semester_3\Android\Project\git\Backend\RestaurantManagementAPI\node_modules\babylon\lib\index.js:2169:8)
    at Parser.pp$1.parseStatement (C:\Users\Hanson Phung\Desktop\Study\Semester_3\Android\Project\git\Backend\RestaurantManagementAPI\node_modules\babylon\lib\index.js:1861:19)
    at Parser.pp$1.parseExportDeclaration (C:\Users\Hanson Phung\Desktop\Study\Semester_3\Android\Project\git\Backend\RestaurantManagementAPI\node_modules\babylon\lib\index.js:2666:15)
    at Parser.pp$1.parseExport (C:\Users\Hanson Phung\Desktop\Study\Semester_3\Android\Project\git\Backend\RestaurantManagementAPI\node_modules\babylon\lib\index.js:2654:29)
    at Parser.pp$1.parseStatement (C:\Users\Hanson Phung\Desktop\Study\Semester_3\Android\Project\git\Backend\RestaurantManagementAPI\node_modules\babylon\lib\index.js:1884:74)
    at Parser.pp$1.parseBlockBody (C:\Users\Hanson Phung\Desktop\Study\Semester_3\Android\Project\git\Backend\RestaurantManagementAPI\node_modules\babylon\lib\index.js:2268:21)
    at Parser.pp$1.parseTopLevel (C:\Users\Hanson Phung\Desktop\Study\Semester_3\Android\Project\git\Backend\RestaurantManagementAPI\node_modules\babylon\lib\index.js:1778:8)
    at Parser.parse (C:\Users\Hanson Phung\Desktop\Study\Semester_3\Android\Project\git\Backend\RestaurantManagementAPI\node_modules\babylon\lib\index.js:1673:17)
    at parse (C:\Users\Hanson Phung\Desktop\Study\Semester_3\Android\Project\git\Backend\RestaurantManagementAPI\node_modules\babylon\lib\index.js:7305:37)
    at File.parse (C:\Users\Hanson Phung\Desktop\Study\Semester_3\Android\Project\git\Backend\RestaurantManagementAPI\node_modules\babel-core\lib\transformation\file\index.js:485:15)
    at File.parseCode (C:\Users\Hanson Phung\Desktop\Study\Semester_3\Android\Project\git\Backend\RestaurantManagementAPI\node_modules\babel-core\lib\transformation\file\index.js:570:20)
    at C:\Users\Hanson Phung\Desktop\Study\Semester_3\Android\Project\git\Backend\RestaurantManagementAPI\node_modules\babel-core\lib\transformation\pipeline.js:49:12
2020-03-06T23:04:08.530Z error : undefined : uncaughtException: C:/Users/Hanson Phung/Desktop/Study/Semester_3/Android/Project/git/Backend/RestaurantManagementAPI/src/shared/enum/tableStatus.js: Unexpected token (2:10)
SyntaxError: C:/Users/Hanson Phung/Desktop/Study/Semester_3/Android/Project/git/Backend/RestaurantManagementAPI/src/shared/enum/tableStatus.js: Unexpected token (2:10)
[0m [90m 1 | [39m[36mexport[39m [36mconst[39m [33mTableStatus[39m [33m=[39m {
[31m[1m>[22m[39m[90m 2 | [39m    [33mEMPTY[39m [33m=[39m [32m"EMPTY"[39m[33m,[39m
 [90m   | [39m          [31m[1m^[22m[39m
 [90m 3 | [39m    [33mSERVING[39m [33m=[39m [32m"SERVING"[39m
 [90m 4 | [39m}[33m;[39m[0m
    at Parser.pp$5.raise (C:\Users\Hanson Phung\Desktop\Study\Semester_3\Android\Project\git\Backend\RestaurantManagementAPI\node_modules\babylon\lib\index.js:4454:13)
    at Parser.pp.unexpected (C:\Users\Hanson Phung\Desktop\Study\Semester_3\Android\Project\git\Backend\RestaurantManagementAPI\node_modules\babylon\lib\index.js:1761:8)
    at Parser.pp$3.parseMaybeAssign (C:\Users\Hanson Phung\Desktop\Study\Semester_3\Android\Project\git\Backend\RestaurantManagementAPI\node_modules\babylon\lib\index.js:3370:10)
    at Parser.pp$1.parseVar (C:\Users\Hanson Phung\Desktop\Study\Semester_3\Android\Project\git\Backend\RestaurantManagementAPI\node_modules\babylon\lib\index.js:2340:24)
    at Parser.pp$1.parseVarStatement (C:\Users\Hanson Phung\Desktop\Study\Semester_3\Android\Project\git\Backend\RestaurantManagementAPI\node_modules\babylon\lib\index.js:2169:8)
    at Parser.pp$1.parseStatement (C:\Users\Hanson Phung\Desktop\Study\Semester_3\Android\Project\git\Backend\RestaurantManagementAPI\node_modules\babylon\lib\index.js:1861:19)
    at Parser.pp$1.parseExportDeclaration (C:\Users\Hanson Phung\Desktop\Study\Semester_3\Android\Project\git\Backend\RestaurantManagementAPI\node_modules\babylon\lib\index.js:2666:15)
    at Parser.pp$1.parseExport (C:\Users\Hanson Phung\Desktop\Study\Semester_3\Android\Project\git\Backend\RestaurantManagementAPI\node_modules\babylon\lib\index.js:2654:29)
    at Parser.pp$1.parseStatement (C:\Users\Hanson Phung\Desktop\Study\Semester_3\Android\Project\git\Backend\RestaurantManagementAPI\node_modules\babylon\lib\index.js:1884:74)
    at Parser.pp$1.parseBlockBody (C:\Users\Hanson Phung\Desktop\Study\Semester_3\Android\Project\git\Backend\RestaurantManagementAPI\node_modules\babylon\lib\index.js:2268:21)
    at Parser.pp$1.parseTopLevel (C:\Users\Hanson Phung\Desktop\Study\Semester_3\Android\Project\git\Backend\RestaurantManagementAPI\node_modules\babylon\lib\index.js:1778:8)
    at Parser.parse (C:\Users\Hanson Phung\Desktop\Study\Semester_3\Android\Project\git\Backend\RestaurantManagementAPI\node_modules\babylon\lib\index.js:1673:17)
    at parse (C:\Users\Hanson Phung\Desktop\Study\Semester_3\Android\Project\git\Backend\RestaurantManagementAPI\node_modules\babylon\lib\index.js:7305:37)
    at File.parse (C:\Users\Hanson Phung\Desktop\Study\Semester_3\Android\Project\git\Backend\RestaurantManagementAPI\node_modules\babel-core\lib\transformation\file\index.js:485:15)
    at File.parseCode (C:\Users\Hanson Phung\Desktop\Study\Semester_3\Android\Project\git\Backend\RestaurantManagementAPI\node_modules\babel-core\lib\transformation\file\index.js:570:20)
    at C:\Users\Hanson Phung\Desktop\Study\Semester_3\Android\Project\git\Backend\RestaurantManagementAPI\node_modules\babel-core\lib\transformation\pipeline.js:49:12
2020-03-06T23:05:13.610Z error : undefined : uncaughtException: C:/Users/Hanson Phung/Desktop/Study/Semester_3/Android/Project/git/Backend/RestaurantManagementAPI/src/shared/enum/TableStatus.js: Unexpected token (2:10)
SyntaxError: C:/Users/Hanson Phung/Desktop/Study/Semester_3/Android/Project/git/Backend/RestaurantManagementAPI/src/shared/enum/TableStatus.js: Unexpected token (2:10)
[0m [90m 1 | [39m[36mexport[39m [36mconst[39m [33mTableStatus[39m [33m=[39m {
[31m[1m>[22m[39m[90m 2 | [39m    [33mEMPTY[39m [33m=[39m [32m"EMPTY"[39m[33m,[39m
 [90m   | [39m          [31m[1m^[22m[39m
 [90m 3 | [39m    [33mSERVING[39m [33m=[39m [32m"SERVING"[39m
 [90m 4 | [39m}[33m;[39m[0m
    at Parser.pp$5.raise (C:\Users\Hanson Phung\Desktop\Study\Semester_3\Android\Project\git\Backend\RestaurantManagementAPI\node_modules\babylon\lib\index.js:4454:13)
    at Parser.pp.unexpected (C:\Users\Hanson Phung\Desktop\Study\Semester_3\Android\Project\git\Backend\RestaurantManagementAPI\node_modules\babylon\lib\index.js:1761:8)
    at Parser.pp$3.parseMaybeAssign (C:\Users\Hanson Phung\Desktop\Study\Semester_3\Android\Project\git\Backend\RestaurantManagementAPI\node_modules\babylon\lib\index.js:3370:10)
    at Parser.pp$1.parseVar (C:\Users\Hanson Phung\Desktop\Study\Semester_3\Android\Project\git\Backend\RestaurantManagementAPI\node_modules\babylon\lib\index.js:2340:24)
    at Parser.pp$1.parseVarStatement (C:\Users\Hanson Phung\Desktop\Study\Semester_3\Android\Project\git\Backend\RestaurantManagementAPI\node_modules\babylon\lib\index.js:2169:8)
    at Parser.pp$1.parseStatement (C:\Users\Hanson Phung\Desktop\Study\Semester_3\Android\Project\git\Backend\RestaurantManagementAPI\node_modules\babylon\lib\index.js:1861:19)
    at Parser.pp$1.parseExportDeclaration (C:\Users\Hanson Phung\Desktop\Study\Semester_3\Android\Project\git\Backend\RestaurantManagementAPI\node_modules\babylon\lib\index.js:2666:15)
    at Parser.pp$1.parseExport (C:\Users\Hanson Phung\Desktop\Study\Semester_3\Android\Project\git\Backend\RestaurantManagementAPI\node_modules\babylon\lib\index.js:2654:29)
    at Parser.pp$1.parseStatement (C:\Users\Hanson Phung\Desktop\Study\Semester_3\Android\Project\git\Backend\RestaurantManagementAPI\node_modules\babylon\lib\index.js:1884:74)
    at Parser.pp$1.parseBlockBody (C:\Users\Hanson Phung\Desktop\Study\Semester_3\Android\Project\git\Backend\RestaurantManagementAPI\node_modules\babylon\lib\index.js:2268:21)
    at Parser.pp$1.parseTopLevel (C:\Users\Hanson Phung\Desktop\Study\Semester_3\Android\Project\git\Backend\RestaurantManagementAPI\node_modules\babylon\lib\index.js:1778:8)
    at Parser.parse (C:\Users\Hanson Phung\Desktop\Study\Semester_3\Android\Project\git\Backend\RestaurantManagementAPI\node_modules\babylon\lib\index.js:1673:17)
    at parse (C:\Users\Hanson Phung\Desktop\Study\Semester_3\Android\Project\git\Backend\RestaurantManagementAPI\node_modules\babylon\lib\index.js:7305:37)
    at File.parse (C:\Users\Hanson Phung\Desktop\Study\Semester_3\Android\Project\git\Backend\RestaurantManagementAPI\node_modules\babel-core\lib\transformation\file\index.js:485:15)
    at File.parseCode (C:\Users\Hanson Phung\Desktop\Study\Semester_3\Android\Project\git\Backend\RestaurantManagementAPI\node_modules\babel-core\lib\transformation\file\index.js:570:20)
    at C:\Users\Hanson Phung\Desktop\Study\Semester_3\Android\Project\git\Backend\RestaurantManagementAPI\node_modules\babel-core\lib\transformation\pipeline.js:49:12
2020-03-06T23:05:55.394Z error : undefined : uncaughtException: Cannot read property 'EMPTY' of undefined
TypeError: Cannot read property 'EMPTY' of undefined
    at Object.<anonymous> (C:/Users/Hanson Phung/Desktop/Study/Semester_3/Android/Project/git/Backend/RestaurantManagementAPI/src/entities/TableEntity.js:13:28)
    at Module._compile (internal/modules/cjs/loader.js:945:30)
    at loader (C:\Users\Hanson Phung\Desktop\Study\Semester_3\Android\Project\git\Backend\RestaurantManagementAPI\node_modules\babel-register\lib\node.js:144:5)
    at Object.require.extensions.<computed> [as .js] (C:\Users\Hanson Phung\Desktop\Study\Semester_3\Android\Project\git\Backend\RestaurantManagementAPI\node_modules\babel-register\lib\node.js:154:7)
    at Module.load (internal/modules/cjs/loader.js:798:32)
    at Function.Module._load (internal/modules/cjs/loader.js:711:12)
    at Module.require (internal/modules/cjs/loader.js:838:19)
    at require (internal/modules/cjs/helpers.js:74:18)
    at Object.<anonymous> (C:/Users/Hanson Phung/Desktop/Study/Semester_3/Android/Project/git/Backend/RestaurantManagementAPI/src/repositories/tableRepositories.js:1:1)
    at Module._compile (internal/modules/cjs/loader.js:945:30)
    at loader (C:\Users\Hanson Phung\Desktop\Study\Semester_3\Android\Project\git\Backend\RestaurantManagementAPI\node_modules\babel-register\lib\node.js:144:5)
    at Object.require.extensions.<computed> [as .js] (C:\Users\Hanson Phung\Desktop\Study\Semester_3\Android\Project\git\Backend\RestaurantManagementAPI\node_modules\babel-register\lib\node.js:154:7)
    at Module.load (internal/modules/cjs/loader.js:798:32)
    at Function.Module._load (internal/modules/cjs/loader.js:711:12)
    at Module.require (internal/modules/cjs/loader.js:838:19)
    at require (internal/modules/cjs/helpers.js:74:18)
2020-03-07T17:39:20.043Z error : undefined : uncaughtException: req is not defined
ReferenceError: req is not defined
    at routes (C:/Users/Hanson Phung/Desktop/Study/Semester_3/Android/Project/git/Backend/RestaurantManagementAPI/src/routes/tableRoutes.js:15:12)
    at Object.<anonymous> (C:/Users/Hanson Phung/Desktop/Study/Semester_3/Android/Project/git/Backend/RestaurantManagementAPI/index.js:71:1)
    at Module._compile (internal/modules/cjs/loader.js:945:30)
    at loader (C:\Users\Hanson Phung\Desktop\Study\Semester_3\Android\Project\git\Backend\RestaurantManagementAPI\node_modules\babel-register\lib\node.js:144:5)
    at Object.require.extensions.<computed> [as .js] (C:\Users\Hanson Phung\Desktop\Study\Semester_3\Android\Project\git\Backend\RestaurantManagementAPI\node_modules\babel-register\lib\node.js:154:7)
    at Module.load (internal/modules/cjs/loader.js:798:32)
    at Function.Module._load (internal/modules/cjs/loader.js:711:12)
    at Function.Module.runMain (internal/modules/cjs/loader.js:1014:10)
    at Object.<anonymous> (C:\Users\Hanson Phung\Desktop\Study\Semester_3\Android\Project\git\Backend\RestaurantManagementAPI\node_modules\babel-cli\lib\_babel-node.js:154:22)
    at Module._compile (internal/modules/cjs/loader.js:945:30)
    at Object.Module._extensions..js (internal/modules/cjs/loader.js:962:10)
    at Module.load (internal/modules/cjs/loader.js:798:32)
    at Function.Module._load (internal/modules/cjs/loader.js:711:12)
    at Function.Module.runMain (internal/modules/cjs/loader.js:1014:10)
    at internal/main/run_main_module.js:17:11
2020-03-07T17:39:20.048Z error : undefined : uncaughtException: req is not defined
ReferenceError: req is not defined
    at routes (C:/Users/Hanson Phung/Desktop/Study/Semester_3/Android/Project/git/Backend/RestaurantManagementAPI/src/routes/tableRoutes.js:15:12)
    at Object.<anonymous> (C:/Users/Hanson Phung/Desktop/Study/Semester_3/Android/Project/git/Backend/RestaurantManagementAPI/index.js:71:1)
    at Module._compile (internal/modules/cjs/loader.js:945:30)
    at loader (C:\Users\Hanson Phung\Desktop\Study\Semester_3\Android\Project\git\Backend\RestaurantManagementAPI\node_modules\babel-register\lib\node.js:144:5)
    at Object.require.extensions.<computed> [as .js] (C:\Users\Hanson Phung\Desktop\Study\Semester_3\Android\Project\git\Backend\RestaurantManagementAPI\node_modules\babel-register\lib\node.js:154:7)
    at Module.load (internal/modules/cjs/loader.js:798:32)
    at Function.Module._load (internal/modules/cjs/loader.js:711:12)
    at Function.Module.runMain (internal/modules/cjs/loader.js:1014:10)
    at Object.<anonymous> (C:\Users\Hanson Phung\Desktop\Study\Semester_3\Android\Project\git\Backend\RestaurantManagementAPI\node_modules\babel-cli\lib\_babel-node.js:154:22)
    at Module._compile (internal/modules/cjs/loader.js:945:30)
    at Object.Module._extensions..js (internal/modules/cjs/loader.js:962:10)
    at Module.load (internal/modules/cjs/loader.js:798:32)
    at Function.Module._load (internal/modules/cjs/loader.js:711:12)
    at Function.Module.runMain (internal/modules/cjs/loader.js:1014:10)
    at internal/main/run_main_module.js:17:11
2020-03-07T17:40:51.072Z error : undefined : userD is not defined
2020-03-07T17:41:34.984Z error : undefined : userD is not defined
2020-03-07T17:41:46.969Z error : undefined : userD is not defined
2020-03-07T17:42:25.880Z error : undefined : userD is not defined
2020-03-07T17:42:33.942Z error : undefined : userD is not defined
2020-03-07T17:46:39.568Z error : undefined : jwt expired
2020-03-07T17:54:28.683Z error : undefined : jwt expired
2020-03-07T17:55:08.176Z error : undefined : jwt expired
2020-03-07T17:55:49.456Z error : undefined : jwt expired
2020-03-07T17:56:32.077Z error : undefined : jwt expired
2020-03-07T17:56:33.534Z error : undefined : jwt expired
2020-03-07T17:56:34.279Z error : undefined : jwt expired
2020-03-07T17:58:44.256Z error : undefined : jwt expired
2020-03-07T18:03:14.721Z error : undefined : userdata is not defined
2020-03-07T18:12:18.679Z error : undefined : invalid token
2020-03-07T18:12:22.662Z error : undefined : invalid token
2020-03-07T18:13:33.552Z error : undefined : Unexpected end of JSON input
2020-03-07T18:13:47.416Z error : undefined : Unexpected token  in JSON at position 26
2020-03-07T18:14:10.147Z error : undefined : jwt expired
2020-03-07T18:14:59.212Z error : undefined : invalid token
2020-03-07T18:15:10.772Z error : undefined : Unexpected token  in JSON at position 65
2020-03-07T18:15:55.779Z error : undefined : Unexpected token  in JSON at position 65
2020-03-07T18:16:10.102Z error : undefined : Unexpected token  in JSON at position 65
2020-03-07T18:16:41.314Z error : undefined : Unexpected token  in JSON at position 65
2020-03-07T18:17:21.356Z error : undefined : Invalid access token
2020-03-07T18:17:47.487Z error : undefined : Invalid access token
2020-03-07T18:17:57.117Z error : undefined : Invalid access token
2020-03-07T18:18:33.164Z error : undefined : Invalid access token
2020-03-07T18:19:04.358Z error : undefined : Invalid access token
2020-03-07T21:34:31.115Z error : undefined : Invalid username/password
2020-03-07T21:38:06.607Z error : undefined : Invalid access token
2020-03-07T22:01:09.412Z error : undefined : tables validation failed: name: Path `name` is required.
2020-03-07T22:15:34.282Z error : undefined : Invalid access token
2020-03-07T22:16:05.509Z error : undefined : Invalid access token
2020-03-07T22:16:21.105Z error : undefined : Invalid access token
2020-03-07T22:24:16.329Z error : undefined : uncaughtException: C:/Users/Hanson Phung/Desktop/Study/Semester_3/Android/Project/git/Backend/RestaurantManagementAPI/src/services/tableServices.js: await is a reserved word (9:19)
SyntaxError: C:/Users/Hanson Phung/Desktop/Study/Semester_3/Android/Project/git/Backend/RestaurantManagementAPI/src/services/tableServices.js: await is a reserved word (9:19)
[0m [90m  7 | [39m
 [90m  8 | [39m        let lstTable [33m=[39m lstTableEntities[33m.[39mmap((x) [33m=>[39m {
[31m[1m>[22m[39m[90m  9 | [39m            [36mreturn[39m await [36mnew[39m [33mTable[39m(x[33m.[39m_id[33m,[39m x[33m.[39mname[33m,[39m x[33m.[39mstatus[33m,[39m x[33m.[39mopen_at)[33m;[39m
 [90m    | [39m                   [31m[1m^[22m[39m
 [90m 10 | [39m        })[33m;[39m
 [90m 11 | [39m
 [90m 12 | [39m        [36mreturn[39m lstTable[33m;[39m[0m
    at Parser.pp$5.raise (C:\Users\Hanson Phung\Desktop\Study\Semester_3\Android\Project\git\Backend\RestaurantManagementAPI\node_modules\babylon\lib\index.js:4454:13)
    at Parser.pp$3.checkReservedWord (C:\Users\Hanson Phung\Desktop\Study\Semester_3\Android\Project\git\Backend\RestaurantManagementAPI\node_modules\babylon\lib\index.js:4347:10)
    at Parser.pp$3.parseIdentifier (C:\Users\Hanson Phung\Desktop\Study\Semester_3\Android\Project\git\Backend\RestaurantManagementAPI\node_modules\babylon\lib\index.js:4324:10)
    at Parser.pp$3.parseExprAtom (C:\Users\Hanson Phung\Desktop\Study\Semester_3\Android\Project\git\Backend\RestaurantManagementAPI\node_modules\babylon\lib\index.js:3648:21)
    at Parser.pp$3.parseExprSubscripts (C:\Users\Hanson Phung\Desktop\Study\Semester_3\Android\Project\git\Backend\RestaurantManagementAPI\node_modules\babylon\lib\index.js:3494:19)
    at Parser.pp$3.parseMaybeUnary (C:\Users\Hanson Phung\Desktop\Study\Semester_3\Android\Project\git\Backend\RestaurantManagementAPI\node_modules\babylon\lib\index.js:3474:19)
    at Parser.pp$3.parseExprOps (C:\Users\Hanson Phung\Desktop\Study\Semester_3\Android\Project\git\Backend\RestaurantManagementAPI\node_modules\babylon\lib\index.js:3404:19)
    at Parser.pp$3.parseMaybeConditional (C:\Users\Hanson Phung\Desktop\Study\Semester_3\Android\Project\git\Backend\RestaurantManagementAPI\node_modules\babylon\lib\index.js:3381:19)
    at Parser.pp$3.parseMaybeAssign (C:\Users\Hanson Phung\Desktop\Study\Semester_3\Android\Project\git\Backend\RestaurantManagementAPI\node_modules\babylon\lib\index.js:3344:19)
    at Parser.pp$3.parseExpression (C:\Users\Hanson Phung\Desktop\Study\Semester_3\Android\Project\git\Backend\RestaurantManagementAPI\node_modules\babylon\lib\index.js:3306:19)
    at Parser.pp$1.parseReturnStatement (C:\Users\Hanson Phung\Desktop\Study\Semester_3\Android\Project\git\Backend\RestaurantManagementAPI\node_modules\babylon\lib\index.js:2078:26)
    at Parser.pp$1.parseStatement (C:\Users\Hanson Phung\Desktop\Study\Semester_3\Android\Project\git\Backend\RestaurantManagementAPI\node_modules\babylon\lib\index.js:1848:19)
    at Parser.pp$1.parseBlockBody (C:\Users\Hanson Phung\Desktop\Study\Semester_3\Android\Project\git\Backend\RestaurantManagementAPI\node_modules\babylon\lib\index.js:2268:21)
    at Parser.pp$1.parseBlock (C:\Users\Hanson Phung\Desktop\Study\Semester_3\Android\Project\git\Backend\RestaurantManagementAPI\node_modules\babylon\lib\index.js:2247:8)
    at Parser.pp$3.parseFunctionBody (C:\Users\Hanson Phung\Desktop\Study\Semester_3\Android\Project\git\Backend\RestaurantManagementAPI\node_modules\babylon\lib\index.js:4235:22)
    at Parser.pp$3.parseArrowExpression (C:\Users\Hanson Phung\Desktop\Study\Semester_3\Android\Project\git\Backend\RestaurantManagementAPI\node_modules\babylon\lib\index.js:4190:8)
2020-03-07T22:24:55.640Z error : undefined : uncaughtException: C:/Users/Hanson Phung/Desktop/Study/Semester_3/Android/Project/git/Backend/RestaurantManagementAPI/src/services/tableServices.js: await is a reserved word (9:19)
SyntaxError: C:/Users/Hanson Phung/Desktop/Study/Semester_3/Android/Project/git/Backend/RestaurantManagementAPI/src/services/tableServices.js: await is a reserved word (9:19)
[0m [90m  7 | [39m
 [90m  8 | [39m        let lstTable [33m=[39m lstTableEntities[33m.[39mmap((x) [33m=>[39m {
[31m[1m>[22m[39m[90m  9 | [39m            [36mreturn[39m await [36mnew[39m [33mTable[39m(x[33m.[39m_id[33m,[39m x[33m.[39mname[33m,[39m x[33m.[39mstatus[33m,[39m x[33m.[39mopen_at)[33m;[39m
 [90m    | [39m                   [31m[1m^[22m[39m
 [90m 10 | [39m        })[33m;[39m
 [90m 11 | [39m
 [90m 12 | [39m        [36mreturn[39m lstTable[33m;[39m[0m
    at Parser.pp$5.raise (C:\Users\Hanson Phung\Desktop\Study\Semester_3\Android\Project\git\Backend\RestaurantManagementAPI\node_modules\babylon\lib\index.js:4454:13)
    at Parser.pp$3.checkReservedWord (C:\Users\Hanson Phung\Desktop\Study\Semester_3\Android\Project\git\Backend\RestaurantManagementAPI\node_modules\babylon\lib\index.js:4347:10)
    at Parser.pp$3.parseIdentifier (C:\Users\Hanson Phung\Desktop\Study\Semester_3\Android\Project\git\Backend\RestaurantManagementAPI\node_modules\babylon\lib\index.js:4324:10)
    at Parser.pp$3.parseExprAtom (C:\Users\Hanson Phung\Desktop\Study\Semester_3\Android\Project\git\Backend\RestaurantManagementAPI\node_modules\babylon\lib\index.js:3648:21)
    at Parser.pp$3.parseExprSubscripts (C:\Users\Hanson Phung\Desktop\Study\Semester_3\Android\Project\git\Backend\RestaurantManagementAPI\node_modules\babylon\lib\index.js:3494:19)
    at Parser.pp$3.parseMaybeUnary (C:\Users\Hanson Phung\Desktop\Study\Semester_3\Android\Project\git\Backend\RestaurantManagementAPI\node_modules\babylon\lib\index.js:3474:19)
    at Parser.pp$3.parseExprOps (C:\Users\Hanson Phung\Desktop\Study\Semester_3\Android\Project\git\Backend\RestaurantManagementAPI\node_modules\babylon\lib\index.js:3404:19)
    at Parser.pp$3.parseMaybeConditional (C:\Users\Hanson Phung\Desktop\Study\Semester_3\Android\Project\git\Backend\RestaurantManagementAPI\node_modules\babylon\lib\index.js:3381:19)
    at Parser.pp$3.parseMaybeAssign (C:\Users\Hanson Phung\Desktop\Study\Semester_3\Android\Project\git\Backend\RestaurantManagementAPI\node_modules\babylon\lib\index.js:3344:19)
    at Parser.pp$3.parseExpression (C:\Users\Hanson Phung\Desktop\Study\Semester_3\Android\Project\git\Backend\RestaurantManagementAPI\node_modules\babylon\lib\index.js:3306:19)
    at Parser.pp$1.parseReturnStatement (C:\Users\Hanson Phung\Desktop\Study\Semester_3\Android\Project\git\Backend\RestaurantManagementAPI\node_modules\babylon\lib\index.js:2078:26)
    at Parser.pp$1.parseStatement (C:\Users\Hanson Phung\Desktop\Study\Semester_3\Android\Project\git\Backend\RestaurantManagementAPI\node_modules\babylon\lib\index.js:1848:19)
    at Parser.pp$1.parseBlockBody (C:\Users\Hanson Phung\Desktop\Study\Semester_3\Android\Project\git\Backend\RestaurantManagementAPI\node_modules\babylon\lib\index.js:2268:21)
    at Parser.pp$1.parseBlock (C:\Users\Hanson Phung\Desktop\Study\Semester_3\Android\Project\git\Backend\RestaurantManagementAPI\node_modules\babylon\lib\index.js:2247:8)
    at Parser.pp$3.parseFunctionBody (C:\Users\Hanson Phung\Desktop\Study\Semester_3\Android\Project\git\Backend\RestaurantManagementAPI\node_modules\babylon\lib\index.js:4235:22)
    at Parser.pp$3.parseArrowExpression (C:\Users\Hanson Phung\Desktop\Study\Semester_3\Android\Project\git\Backend\RestaurantManagementAPI\node_modules\babylon\lib\index.js:4190:8)
2020-03-07T22:27:28.961Z error : undefined : uncaughtException: C:/Users/Hanson Phung/Desktop/Study/Semester_3/Android/Project/git/Backend/RestaurantManagementAPI/src/services/tableServices.js: await is a reserved word (9:19)
SyntaxError: C:/Users/Hanson Phung/Desktop/Study/Semester_3/Android/Project/git/Backend/RestaurantManagementAPI/src/services/tableServices.js: await is a reserved word (9:19)
[0m [90m  7 | [39m
 [90m  8 | [39m        let lstTable [33m=[39m lstTableEntities[33m.[39mmap((x) [33m=>[39m {
[31m[1m>[22m[39m[90m  9 | [39m            [36mreturn[39m await [36mnew[39m [33mTable[39m(x[33m.[39m_id[33m,[39m x[33m.[39mname[33m,[39m x[33m.[39mstatus[33m,[39m x[33m.[39mopen_at)[33m;[39m
 [90m    | [39m                   [31m[1m^[22m[39m
 [90m 10 | [39m        })[33m;[39m
 [90m 11 | [39m
 [90m 12 | [39m        [36mreturn[39m lstTable[33m;[39m[0m
    at Parser.pp$5.raise (C:\Users\Hanson Phung\Desktop\Study\Semester_3\Android\Project\git\Backend\RestaurantManagementAPI\node_modules\babylon\lib\index.js:4454:13)
    at Parser.pp$3.checkReservedWord (C:\Users\Hanson Phung\Desktop\Study\Semester_3\Android\Project\git\Backend\RestaurantManagementAPI\node_modules\babylon\lib\index.js:4347:10)
    at Parser.pp$3.parseIdentifier (C:\Users\Hanson Phung\Desktop\Study\Semester_3\Android\Project\git\Backend\RestaurantManagementAPI\node_modules\babylon\lib\index.js:4324:10)
    at Parser.pp$3.parseExprAtom (C:\Users\Hanson Phung\Desktop\Study\Semester_3\Android\Project\git\Backend\RestaurantManagementAPI\node_modules\babylon\lib\index.js:3648:21)
    at Parser.pp$3.parseExprSubscripts (C:\Users\Hanson Phung\Desktop\Study\Semester_3\Android\Project\git\Backend\RestaurantManagementAPI\node_modules\babylon\lib\index.js:3494:19)
    at Parser.pp$3.parseMaybeUnary (C:\Users\Hanson Phung\Desktop\Study\Semester_3\Android\Project\git\Backend\RestaurantManagementAPI\node_modules\babylon\lib\index.js:3474:19)
    at Parser.pp$3.parseExprOps (C:\Users\Hanson Phung\Desktop\Study\Semester_3\Android\Project\git\Backend\RestaurantManagementAPI\node_modules\babylon\lib\index.js:3404:19)
    at Parser.pp$3.parseMaybeConditional (C:\Users\Hanson Phung\Desktop\Study\Semester_3\Android\Project\git\Backend\RestaurantManagementAPI\node_modules\babylon\lib\index.js:3381:19)
    at Parser.pp$3.parseMaybeAssign (C:\Users\Hanson Phung\Desktop\Study\Semester_3\Android\Project\git\Backend\RestaurantManagementAPI\node_modules\babylon\lib\index.js:3344:19)
    at Parser.pp$3.parseExpression (C:\Users\Hanson Phung\Desktop\Study\Semester_3\Android\Project\git\Backend\RestaurantManagementAPI\node_modules\babylon\lib\index.js:3306:19)
    at Parser.pp$1.parseReturnStatement (C:\Users\Hanson Phung\Desktop\Study\Semester_3\Android\Project\git\Backend\RestaurantManagementAPI\node_modules\babylon\lib\index.js:2078:26)
    at Parser.pp$1.parseStatement (C:\Users\Hanson Phung\Desktop\Study\Semester_3\Android\Project\git\Backend\RestaurantManagementAPI\node_modules\babylon\lib\index.js:1848:19)
    at Parser.pp$1.parseBlockBody (C:\Users\Hanson Phung\Desktop\Study\Semester_3\Android\Project\git\Backend\RestaurantManagementAPI\node_modules\babylon\lib\index.js:2268:21)
    at Parser.pp$1.parseBlock (C:\Users\Hanson Phung\Desktop\Study\Semester_3\Android\Project\git\Backend\RestaurantManagementAPI\node_modules\babylon\lib\index.js:2247:8)
    at Parser.pp$3.parseFunctionBody (C:\Users\Hanson Phung\Desktop\Study\Semester_3\Android\Project\git\Backend\RestaurantManagementAPI\node_modules\babylon\lib\index.js:4235:22)
    at Parser.pp$3.parseArrowExpression (C:\Users\Hanson Phung\Desktop\Study\Semester_3\Android\Project\git\Backend\RestaurantManagementAPI\node_modules\babylon\lib\index.js:4190:8)
2020-03-07T22:28:26.264Z error : undefined : uncaughtException: C:/Users/Hanson Phung/Desktop/Study/Semester_3/Android/Project/git/Backend/RestaurantManagementAPI/src/services/tableServices.js: await is a reserved word (9:19)
SyntaxError: C:/Users/Hanson Phung/Desktop/Study/Semester_3/Android/Project/git/Backend/RestaurantManagementAPI/src/services/tableServices.js: await is a reserved word (9:19)
[0m [90m  7 | [39m
 [90m  8 | [39m        let lstTable [33m=[39m lstTableEntities[33m.[39mmap((x) [33m=>[39m {
[31m[1m>[22m[39m[90m  9 | [39m            [36mreturn[39m await [36mnew[39m [33mTable[39m(x[33m.[39m_id[33m,[39m x[33m.[39mname[33m,[39m x[33m.[39mstatus[33m,[39m x[33m.[39mopen_at)[33m;[39m
 [90m    | [39m                   [31m[1m^[22m[39m
 [90m 10 | [39m        })[33m;[39m
 [90m 11 | [39m
 [90m 12 | [39m        [36mreturn[39m lstTable[33m;[39m[0m
    at Parser.pp$5.raise (C:\Users\Hanson Phung\Desktop\Study\Semester_3\Android\Project\git\Backend\RestaurantManagementAPI\node_modules\babylon\lib\index.js:4454:13)
    at Parser.pp$3.checkReservedWord (C:\Users\Hanson Phung\Desktop\Study\Semester_3\Android\Project\git\Backend\RestaurantManagementAPI\node_modules\babylon\lib\index.js:4347:10)
    at Parser.pp$3.parseIdentifier (C:\Users\Hanson Phung\Desktop\Study\Semester_3\Android\Project\git\Backend\RestaurantManagementAPI\node_modules\babylon\lib\index.js:4324:10)
    at Parser.pp$3.parseExprAtom (C:\Users\Hanson Phung\Desktop\Study\Semester_3\Android\Project\git\Backend\RestaurantManagementAPI\node_modules\babylon\lib\index.js:3648:21)
    at Parser.pp$3.parseExprSubscripts (C:\Users\Hanson Phung\Desktop\Study\Semester_3\Android\Project\git\Backend\RestaurantManagementAPI\node_modules\babylon\lib\index.js:3494:19)
    at Parser.pp$3.parseMaybeUnary (C:\Users\Hanson Phung\Desktop\Study\Semester_3\Android\Project\git\Backend\RestaurantManagementAPI\node_modules\babylon\lib\index.js:3474:19)
    at Parser.pp$3.parseExprOps (C:\Users\Hanson Phung\Desktop\Study\Semester_3\Android\Project\git\Backend\RestaurantManagementAPI\node_modules\babylon\lib\index.js:3404:19)
    at Parser.pp$3.parseMaybeConditional (C:\Users\Hanson Phung\Desktop\Study\Semester_3\Android\Project\git\Backend\RestaurantManagementAPI\node_modules\babylon\lib\index.js:3381:19)
    at Parser.pp$3.parseMaybeAssign (C:\Users\Hanson Phung\Desktop\Study\Semester_3\Android\Project\git\Backend\RestaurantManagementAPI\node_modules\babylon\lib\index.js:3344:19)
    at Parser.pp$3.parseExpression (C:\Users\Hanson Phung\Desktop\Study\Semester_3\Android\Project\git\Backend\RestaurantManagementAPI\node_modules\babylon\lib\index.js:3306:19)
    at Parser.pp$1.parseReturnStatement (C:\Users\Hanson Phung\Desktop\Study\Semester_3\Android\Project\git\Backend\RestaurantManagementAPI\node_modules\babylon\lib\index.js:2078:26)
    at Parser.pp$1.parseStatement (C:\Users\Hanson Phung\Desktop\Study\Semester_3\Android\Project\git\Backend\RestaurantManagementAPI\node_modules\babylon\lib\index.js:1848:19)
    at Parser.pp$1.parseBlockBody (C:\Users\Hanson Phung\Desktop\Study\Semester_3\Android\Project\git\Backend\RestaurantManagementAPI\node_modules\babylon\lib\index.js:2268:21)
    at Parser.pp$1.parseBlock (C:\Users\Hanson Phung\Desktop\Study\Semester_3\Android\Project\git\Backend\RestaurantManagementAPI\node_modules\babylon\lib\index.js:2247:8)
    at Parser.pp$3.parseFunctionBody (C:\Users\Hanson Phung\Desktop\Study\Semester_3\Android\Project\git\Backend\RestaurantManagementAPI\node_modules\babylon\lib\index.js:4235:22)
    at Parser.pp$3.parseArrowExpression (C:\Users\Hanson Phung\Desktop\Study\Semester_3\Android\Project\git\Backend\RestaurantManagementAPI\node_modules\babylon\lib\index.js:4190:8)
2020-03-07T22:30:32.270Z error : undefined : uncaughtException: C:/Users/Hanson Phung/Desktop/Study/Semester_3/Android/Project/git/Backend/RestaurantManagementAPI/src/services/tableServices.js: await is a reserved word (9:19)
SyntaxError: C:/Users/Hanson Phung/Desktop/Study/Semester_3/Android/Project/git/Backend/RestaurantManagementAPI/src/services/tableServices.js: await is a reserved word (9:19)
[0m [90m  7 | [39m
 [90m  8 | [39m        let lstTable [33m=[39m lstTableEntities[33m.[39mmap((x) [33m=>[39m {
[31m[1m>[22m[39m[90m  9 | [39m            [36mreturn[39m await [36mnew[39m [33mTable[39m(x[33m.[39m_id[33m,[39m x[33m.[39mname[33m,[39m x[33m.[39mstatus[33m,[39m x[33m.[39mopen_at)[33m;[39m
 [90m    | [39m                   [31m[1m^[22m[39m
 [90m 10 | [39m        })[33m;[39m
 [90m 11 | [39m
 [90m 12 | [39m        [36mreturn[39m lstTable[33m;[39m[0m
    at Parser.pp$5.raise (C:\Users\Hanson Phung\Desktop\Study\Semester_3\Android\Project\git\Backend\RestaurantManagementAPI\node_modules\babylon\lib\index.js:4454:13)
    at Parser.pp$3.checkReservedWord (C:\Users\Hanson Phung\Desktop\Study\Semester_3\Android\Project\git\Backend\RestaurantManagementAPI\node_modules\babylon\lib\index.js:4347:10)
    at Parser.pp$3.parseIdentifier (C:\Users\Hanson Phung\Desktop\Study\Semester_3\Android\Project\git\Backend\RestaurantManagementAPI\node_modules\babylon\lib\index.js:4324:10)
    at Parser.pp$3.parseExprAtom (C:\Users\Hanson Phung\Desktop\Study\Semester_3\Android\Project\git\Backend\RestaurantManagementAPI\node_modules\babylon\lib\index.js:3648:21)
    at Parser.pp$3.parseExprSubscripts (C:\Users\Hanson Phung\Desktop\Study\Semester_3\Android\Project\git\Backend\RestaurantManagementAPI\node_modules\babylon\lib\index.js:3494:19)
    at Parser.pp$3.parseMaybeUnary (C:\Users\Hanson Phung\Desktop\Study\Semester_3\Android\Project\git\Backend\RestaurantManagementAPI\node_modules\babylon\lib\index.js:3474:19)
    at Parser.pp$3.parseExprOps (C:\Users\Hanson Phung\Desktop\Study\Semester_3\Android\Project\git\Backend\RestaurantManagementAPI\node_modules\babylon\lib\index.js:3404:19)
    at Parser.pp$3.parseMaybeConditional (C:\Users\Hanson Phung\Desktop\Study\Semester_3\Android\Project\git\Backend\RestaurantManagementAPI\node_modules\babylon\lib\index.js:3381:19)
    at Parser.pp$3.parseMaybeAssign (C:\Users\Hanson Phung\Desktop\Study\Semester_3\Android\Project\git\Backend\RestaurantManagementAPI\node_modules\babylon\lib\index.js:3344:19)
    at Parser.pp$3.parseExpression (C:\Users\Hanson Phung\Desktop\Study\Semester_3\Android\Project\git\Backend\RestaurantManagementAPI\node_modules\babylon\lib\index.js:3306:19)
    at Parser.pp$1.parseReturnStatement (C:\Users\Hanson Phung\Desktop\Study\Semester_3\Android\Project\git\Backend\RestaurantManagementAPI\node_modules\babylon\lib\index.js:2078:26)
    at Parser.pp$1.parseStatement (C:\Users\Hanson Phung\Desktop\Study\Semester_3\Android\Project\git\Backend\RestaurantManagementAPI\node_modules\babylon\lib\index.js:1848:19)
    at Parser.pp$1.parseBlockBody (C:\Users\Hanson Phung\Desktop\Study\Semester_3\Android\Project\git\Backend\RestaurantManagementAPI\node_modules\babylon\lib\index.js:2268:21)
    at Parser.pp$1.parseBlock (C:\Users\Hanson Phung\Desktop\Study\Semester_3\Android\Project\git\Backend\RestaurantManagementAPI\node_modules\babylon\lib\index.js:2247:8)
    at Parser.pp$3.parseFunctionBody (C:\Users\Hanson Phung\Desktop\Study\Semester_3\Android\Project\git\Backend\RestaurantManagementAPI\node_modules\babylon\lib\index.js:4235:22)
    at Parser.pp$3.parseArrowExpression (C:\Users\Hanson Phung\Desktop\Study\Semester_3\Android\Project\git\Backend\RestaurantManagementAPI\node_modules\babylon\lib\index.js:4190:8)
2020-03-07T22:31:18.429Z error : undefined : uncaughtException: C:/Users/Hanson Phung/Desktop/Study/Semester_3/Android/Project/git/Backend/RestaurantManagementAPI/src/services/tableServices.js: await is a reserved word (9:19)
SyntaxError: C:/Users/Hanson Phung/Desktop/Study/Semester_3/Android/Project/git/Backend/RestaurantManagementAPI/src/services/tableServices.js: await is a reserved word (9:19)
[0m [90m  7 | [39m
 [90m  8 | [39m        let lstTable [33m=[39m lstTableEntities[33m.[39mmap((x) [33m=>[39m {
[31m[1m>[22m[39m[90m  9 | [39m            [36mreturn[39m await [36mnew[39m [33mTable[39m(x[33m.[39m_id[33m,[39m x[33m.[39mname[33m,[39m x[33m.[39mstatus[33m,[39m x[33m.[39mopen_at)[33m;[39m
 [90m    | [39m                   [31m[1m^[22m[39m
 [90m 10 | [39m        })[33m;[39m
 [90m 11 | [39m
 [90m 12 | [39m        [36mreturn[39m lstTable[33m;[39m[0m
    at Parser.pp$5.raise (C:\Users\Hanson Phung\Desktop\Study\Semester_3\Android\Project\git\Backend\RestaurantManagementAPI\node_modules\babylon\lib\index.js:4454:13)
    at Parser.pp$3.checkReservedWord (C:\Users\Hanson Phung\Desktop\Study\Semester_3\Android\Project\git\Backend\RestaurantManagementAPI\node_modules\babylon\lib\index.js:4347:10)
    at Parser.pp$3.parseIdentifier (C:\Users\Hanson Phung\Desktop\Study\Semester_3\Android\Project\git\Backend\RestaurantManagementAPI\node_modules\babylon\lib\index.js:4324:10)
    at Parser.pp$3.parseExprAtom (C:\Users\Hanson Phung\Desktop\Study\Semester_3\Android\Project\git\Backend\RestaurantManagementAPI\node_modules\babylon\lib\index.js:3648:21)
    at Parser.pp$3.parseExprSubscripts (C:\Users\Hanson Phung\Desktop\Study\Semester_3\Android\Project\git\Backend\RestaurantManagementAPI\node_modules\babylon\lib\index.js:3494:19)
    at Parser.pp$3.parseMaybeUnary (C:\Users\Hanson Phung\Desktop\Study\Semester_3\Android\Project\git\Backend\RestaurantManagementAPI\node_modules\babylon\lib\index.js:3474:19)
    at Parser.pp$3.parseExprOps (C:\Users\Hanson Phung\Desktop\Study\Semester_3\Android\Project\git\Backend\RestaurantManagementAPI\node_modules\babylon\lib\index.js:3404:19)
    at Parser.pp$3.parseMaybeConditional (C:\Users\Hanson Phung\Desktop\Study\Semester_3\Android\Project\git\Backend\RestaurantManagementAPI\node_modules\babylon\lib\index.js:3381:19)
    at Parser.pp$3.parseMaybeAssign (C:\Users\Hanson Phung\Desktop\Study\Semester_3\Android\Project\git\Backend\RestaurantManagementAPI\node_modules\babylon\lib\index.js:3344:19)
    at Parser.pp$3.parseExpression (C:\Users\Hanson Phung\Desktop\Study\Semester_3\Android\Project\git\Backend\RestaurantManagementAPI\node_modules\babylon\lib\index.js:3306:19)
    at Parser.pp$1.parseReturnStatement (C:\Users\Hanson Phung\Desktop\Study\Semester_3\Android\Project\git\Backend\RestaurantManagementAPI\node_modules\babylon\lib\index.js:2078:26)
    at Parser.pp$1.parseStatement (C:\Users\Hanson Phung\Desktop\Study\Semester_3\Android\Project\git\Backend\RestaurantManagementAPI\node_modules\babylon\lib\index.js:1848:19)
    at Parser.pp$1.parseBlockBody (C:\Users\Hanson Phung\Desktop\Study\Semester_3\Android\Project\git\Backend\RestaurantManagementAPI\node_modules\babylon\lib\index.js:2268:21)
    at Parser.pp$1.parseBlock (C:\Users\Hanson Phung\Desktop\Study\Semester_3\Android\Project\git\Backend\RestaurantManagementAPI\node_modules\babylon\lib\index.js:2247:8)
    at Parser.pp$3.parseFunctionBody (C:\Users\Hanson Phung\Desktop\Study\Semester_3\Android\Project\git\Backend\RestaurantManagementAPI\node_modules\babylon\lib\index.js:4235:22)
    at Parser.pp$3.parseArrowExpression (C:\Users\Hanson Phung\Desktop\Study\Semester_3\Android\Project\git\Backend\RestaurantManagementAPI\node_modules\babylon\lib\index.js:4190:8)
2020-03-07T22:31:22.131Z error : undefined : uncaughtException: C:/Users/Hanson Phung/Desktop/Study/Semester_3/Android/Project/git/Backend/RestaurantManagementAPI/src/services/tableServices.js: await is a reserved word (9:19)
SyntaxError: C:/Users/Hanson Phung/Desktop/Study/Semester_3/Android/Project/git/Backend/RestaurantManagementAPI/src/services/tableServices.js: await is a reserved word (9:19)
[0m [90m  7 | [39m
 [90m  8 | [39m        let lstTable [33m=[39m lstTableEntities[33m.[39mmap((x) [33m=>[39m {
[31m[1m>[22m[39m[90m  9 | [39m            [36mreturn[39m await [36mnew[39m [33mTable[39m(x[33m.[39m_id[33m,[39m x[33m.[39mname[33m,[39m x[33m.[39mstatus[33m,[39m x[33m.[39mopen_at)[33m;[39m
 [90m    | [39m                   [31m[1m^[22m[39m
 [90m 10 | [39m        })[33m;[39m
 [90m 11 | [39m
 [90m 12 | [39m        [36mreturn[39m lstTable[33m;[39m[0m
    at Parser.pp$5.raise (C:\Users\Hanson Phung\Desktop\Study\Semester_3\Android\Project\git\Backend\RestaurantManagementAPI\node_modules\babylon\lib\index.js:4454:13)
    at Parser.pp$3.checkReservedWord (C:\Users\Hanson Phung\Desktop\Study\Semester_3\Android\Project\git\Backend\RestaurantManagementAPI\node_modules\babylon\lib\index.js:4347:10)
    at Parser.pp$3.parseIdentifier (C:\Users\Hanson Phung\Desktop\Study\Semester_3\Android\Project\git\Backend\RestaurantManagementAPI\node_modules\babylon\lib\index.js:4324:10)
    at Parser.pp$3.parseExprAtom (C:\Users\Hanson Phung\Desktop\Study\Semester_3\Android\Project\git\Backend\RestaurantManagementAPI\node_modules\babylon\lib\index.js:3648:21)
    at Parser.pp$3.parseExprSubscripts (C:\Users\Hanson Phung\Desktop\Study\Semester_3\Android\Project\git\Backend\RestaurantManagementAPI\node_modules\babylon\lib\index.js:3494:19)
    at Parser.pp$3.parseMaybeUnary (C:\Users\Hanson Phung\Desktop\Study\Semester_3\Android\Project\git\Backend\RestaurantManagementAPI\node_modules\babylon\lib\index.js:3474:19)
    at Parser.pp$3.parseExprOps (C:\Users\Hanson Phung\Desktop\Study\Semester_3\Android\Project\git\Backend\RestaurantManagementAPI\node_modules\babylon\lib\index.js:3404:19)
    at Parser.pp$3.parseMaybeConditional (C:\Users\Hanson Phung\Desktop\Study\Semester_3\Android\Project\git\Backend\RestaurantManagementAPI\node_modules\babylon\lib\index.js:3381:19)
    at Parser.pp$3.parseMaybeAssign (C:\Users\Hanson Phung\Desktop\Study\Semester_3\Android\Project\git\Backend\RestaurantManagementAPI\node_modules\babylon\lib\index.js:3344:19)
    at Parser.pp$3.parseExpression (C:\Users\Hanson Phung\Desktop\Study\Semester_3\Android\Project\git\Backend\RestaurantManagementAPI\node_modules\babylon\lib\index.js:3306:19)
    at Parser.pp$1.parseReturnStatement (C:\Users\Hanson Phung\Desktop\Study\Semester_3\Android\Project\git\Backend\RestaurantManagementAPI\node_modules\babylon\lib\index.js:2078:26)
    at Parser.pp$1.parseStatement (C:\Users\Hanson Phung\Desktop\Study\Semester_3\Android\Project\git\Backend\RestaurantManagementAPI\node_modules\babylon\lib\index.js:1848:19)
    at Parser.pp$1.parseBlockBody (C:\Users\Hanson Phung\Desktop\Study\Semester_3\Android\Project\git\Backend\RestaurantManagementAPI\node_modules\babylon\lib\index.js:2268:21)
    at Parser.pp$1.parseBlock (C:\Users\Hanson Phung\Desktop\Study\Semester_3\Android\Project\git\Backend\RestaurantManagementAPI\node_modules\babylon\lib\index.js:2247:8)
    at Parser.pp$3.parseFunctionBody (C:\Users\Hanson Phung\Desktop\Study\Semester_3\Android\Project\git\Backend\RestaurantManagementAPI\node_modules\babylon\lib\index.js:4235:22)
    at Parser.pp$3.parseArrowExpression (C:\Users\Hanson Phung\Desktop\Study\Semester_3\Android\Project\git\Backend\RestaurantManagementAPI\node_modules\babylon\lib\index.js:4190:8)
2020-03-07T22:31:36.360Z error : undefined : uncaughtException: C:/Users/Hanson Phung/Desktop/Study/Semester_3/Android/Project/git/Backend/RestaurantManagementAPI/src/services/tableServices.js: await is a reserved word (9:19)
SyntaxError: C:/Users/Hanson Phung/Desktop/Study/Semester_3/Android/Project/git/Backend/RestaurantManagementAPI/src/services/tableServices.js: await is a reserved word (9:19)
[0m [90m  7 | [39m
 [90m  8 | [39m        let lstTable [33m=[39m lstTableEntities[33m.[39mmap((x) [33m=>[39m {
[31m[1m>[22m[39m[90m  9 | [39m            [36mreturn[39m await [36mnew[39m [33mTable[39m(x[33m.[39m_id[33m,[39m x[33m.[39mname[33m,[39m x[33m.[39mstatus[33m,[39m x[33m.[39mopen_at)[33m;[39m
 [90m    | [39m                   [31m[1m^[22m[39m
 [90m 10 | [39m        })[33m;[39m
 [90m 11 | [39m
 [90m 12 | [39m        [36mreturn[39m lstTable[33m;[39m[0m
    at Parser.pp$5.raise (C:\Users\Hanson Phung\Desktop\Study\Semester_3\Android\Project\git\Backend\RestaurantManagementAPI\node_modules\babylon\lib\index.js:4454:13)
    at Parser.pp$3.checkReservedWord (C:\Users\Hanson Phung\Desktop\Study\Semester_3\Android\Project\git\Backend\RestaurantManagementAPI\node_modules\babylon\lib\index.js:4347:10)
    at Parser.pp$3.parseIdentifier (C:\Users\Hanson Phung\Desktop\Study\Semester_3\Android\Project\git\Backend\RestaurantManagementAPI\node_modules\babylon\lib\index.js:4324:10)
    at Parser.pp$3.parseExprAtom (C:\Users\Hanson Phung\Desktop\Study\Semester_3\Android\Project\git\Backend\RestaurantManagementAPI\node_modules\babylon\lib\index.js:3648:21)
    at Parser.pp$3.parseExprSubscripts (C:\Users\Hanson Phung\Desktop\Study\Semester_3\Android\Project\git\Backend\RestaurantManagementAPI\node_modules\babylon\lib\index.js:3494:19)
    at Parser.pp$3.parseMaybeUnary (C:\Users\Hanson Phung\Desktop\Study\Semester_3\Android\Project\git\Backend\RestaurantManagementAPI\node_modules\babylon\lib\index.js:3474:19)
    at Parser.pp$3.parseExprOps (C:\Users\Hanson Phung\Desktop\Study\Semester_3\Android\Project\git\Backend\RestaurantManagementAPI\node_modules\babylon\lib\index.js:3404:19)
    at Parser.pp$3.parseMaybeConditional (C:\Users\Hanson Phung\Desktop\Study\Semester_3\Android\Project\git\Backend\RestaurantManagementAPI\node_modules\babylon\lib\index.js:3381:19)
    at Parser.pp$3.parseMaybeAssign (C:\Users\Hanson Phung\Desktop\Study\Semester_3\Android\Project\git\Backend\RestaurantManagementAPI\node_modules\babylon\lib\index.js:3344:19)
    at Parser.pp$3.parseExpression (C:\Users\Hanson Phung\Desktop\Study\Semester_3\Android\Project\git\Backend\RestaurantManagementAPI\node_modules\babylon\lib\index.js:3306:19)
    at Parser.pp$1.parseReturnStatement (C:\Users\Hanson Phung\Desktop\Study\Semester_3\Android\Project\git\Backend\RestaurantManagementAPI\node_modules\babylon\lib\index.js:2078:26)
    at Parser.pp$1.parseStatement (C:\Users\Hanson Phung\Desktop\Study\Semester_3\Android\Project\git\Backend\RestaurantManagementAPI\node_modules\babylon\lib\index.js:1848:19)
    at Parser.pp$1.parseBlockBody (C:\Users\Hanson Phung\Desktop\Study\Semester_3\Android\Project\git\Backend\RestaurantManagementAPI\node_modules\babylon\lib\index.js:2268:21)
    at Parser.pp$1.parseBlock (C:\Users\Hanson Phung\Desktop\Study\Semester_3\Android\Project\git\Backend\RestaurantManagementAPI\node_modules\babylon\lib\index.js:2247:8)
    at Parser.pp$3.parseFunctionBody (C:\Users\Hanson Phung\Desktop\Study\Semester_3\Android\Project\git\Backend\RestaurantManagementAPI\node_modules\babylon\lib\index.js:4235:22)
    at Parser.pp$3.parseArrowExpression (C:\Users\Hanson Phung\Desktop\Study\Semester_3\Android\Project\git\Backend\RestaurantManagementAPI\node_modules\babylon\lib\index.js:4190:8)
2020-03-07T22:31:48.391Z error : undefined : uncaughtException: C:/Users/Hanson Phung/Desktop/Study/Semester_3/Android/Project/git/Backend/RestaurantManagementAPI/src/services/tableServices.js: await is a reserved word (9:19)
SyntaxError: C:/Users/Hanson Phung/Desktop/Study/Semester_3/Android/Project/git/Backend/RestaurantManagementAPI/src/services/tableServices.js: await is a reserved word (9:19)
[0m [90m  7 | [39m
 [90m  8 | [39m        let lstTable [33m=[39m lstTableEntities[33m.[39mmap((x) [33m=>[39m {
[31m[1m>[22m[39m[90m  9 | [39m            [36mreturn[39m await [36mnew[39m [33mTable[39m(x[33m.[39m_id[33m,[39m x[33m.[39mname[33m,[39m x[33m.[39mstatus[33m,[39m x[33m.[39mopen_at)[33m;[39m
 [90m    | [39m                   [31m[1m^[22m[39m
 [90m 10 | [39m        })[33m;[39m
 [90m 11 | [39m
 [90m 12 | [39m        [36mreturn[39m lstTable[33m;[39m[0m
    at Parser.pp$5.raise (C:\Users\Hanson Phung\Desktop\Study\Semester_3\Android\Project\git\Backend\RestaurantManagementAPI\node_modules\babylon\lib\index.js:4454:13)
    at Parser.pp$3.checkReservedWord (C:\Users\Hanson Phung\Desktop\Study\Semester_3\Android\Project\git\Backend\RestaurantManagementAPI\node_modules\babylon\lib\index.js:4347:10)
    at Parser.pp$3.parseIdentifier (C:\Users\Hanson Phung\Desktop\Study\Semester_3\Android\Project\git\Backend\RestaurantManagementAPI\node_modules\babylon\lib\index.js:4324:10)
    at Parser.pp$3.parseExprAtom (C:\Users\Hanson Phung\Desktop\Study\Semester_3\Android\Project\git\Backend\RestaurantManagementAPI\node_modules\babylon\lib\index.js:3648:21)
    at Parser.pp$3.parseExprSubscripts (C:\Users\Hanson Phung\Desktop\Study\Semester_3\Android\Project\git\Backend\RestaurantManagementAPI\node_modules\babylon\lib\index.js:3494:19)
    at Parser.pp$3.parseMaybeUnary (C:\Users\Hanson Phung\Desktop\Study\Semester_3\Android\Project\git\Backend\RestaurantManagementAPI\node_modules\babylon\lib\index.js:3474:19)
    at Parser.pp$3.parseExprOps (C:\Users\Hanson Phung\Desktop\Study\Semester_3\Android\Project\git\Backend\RestaurantManagementAPI\node_modules\babylon\lib\index.js:3404:19)
    at Parser.pp$3.parseMaybeConditional (C:\Users\Hanson Phung\Desktop\Study\Semester_3\Android\Project\git\Backend\RestaurantManagementAPI\node_modules\babylon\lib\index.js:3381:19)
    at Parser.pp$3.parseMaybeAssign (C:\Users\Hanson Phung\Desktop\Study\Semester_3\Android\Project\git\Backend\RestaurantManagementAPI\node_modules\babylon\lib\index.js:3344:19)
    at Parser.pp$3.parseExpression (C:\Users\Hanson Phung\Desktop\Study\Semester_3\Android\Project\git\Backend\RestaurantManagementAPI\node_modules\babylon\lib\index.js:3306:19)
    at Parser.pp$1.parseReturnStatement (C:\Users\Hanson Phung\Desktop\Study\Semester_3\Android\Project\git\Backend\RestaurantManagementAPI\node_modules\babylon\lib\index.js:2078:26)
    at Parser.pp$1.parseStatement (C:\Users\Hanson Phung\Desktop\Study\Semester_3\Android\Project\git\Backend\RestaurantManagementAPI\node_modules\babylon\lib\index.js:1848:19)
    at Parser.pp$1.parseBlockBody (C:\Users\Hanson Phung\Desktop\Study\Semester_3\Android\Project\git\Backend\RestaurantManagementAPI\node_modules\babylon\lib\index.js:2268:21)
    at Parser.pp$1.parseBlock (C:\Users\Hanson Phung\Desktop\Study\Semester_3\Android\Project\git\Backend\RestaurantManagementAPI\node_modules\babylon\lib\index.js:2247:8)
    at Parser.pp$3.parseFunctionBody (C:\Users\Hanson Phung\Desktop\Study\Semester_3\Android\Project\git\Backend\RestaurantManagementAPI\node_modules\babylon\lib\index.js:4235:22)
    at Parser.pp$3.parseArrowExpression (C:\Users\Hanson Phung\Desktop\Study\Semester_3\Android\Project\git\Backend\RestaurantManagementAPI\node_modules\babylon\lib\index.js:4190:8)
2020-03-07T22:33:08.780Z error : undefined : Invalid access token
2020-03-07T22:33:59.507Z error : undefined : Invalid access token
2020-03-07T22:33:59.637Z error : undefined : Invalid username/password
2020-03-07T22:34:05.156Z error : undefined : Invalid access token
